Added Component: Designator=U1(LQFP64)
Add component (AddParameter): Name = "Symbol"; Value = "N32G452REL7"; VariantName = "[No Variations]"
Added Pin To Net: NetName=VBAT Pin=U1-1
Added Pin To Net: NetName=OSC_IN Pin=U1-3
Added Pin To Net: NetName=OSC_OUT Pin=U1-4
Added Pin To Net: NetName=OSC32_IN Pin=U1-5
Added Pin To Net: NetName=OSC32_OUT Pin=U1-6
Added Pin To Net: NetName=MCU_RESET Pin=U1-7
Added Pin To Net: NetName=Dog_WDI Pin=U1-8
Added Pin To Net: NetName=LoseCurrent Pin=U1-9
Added Pin To Net: NetName=GND Pin=U1-12
Added Pin To Net: NetName=VCC33 Pin=U1-13
Added Pin To Net: NetName=RS485_DIR Pin=U1-15
Added Pin To Net: NetName=RS485_TX Pin=U1-16
Added Pin To Net: NetName=RS485_RX Pin=U1-17
Added Pin To Net: NetName=GND Pin=U1-18
Added Pin To Net: NetName=VCC33 Pin=U1-19
Added Pin To Net: NetName=4G_Reset Pin=U1-23
Added Pin To Net: NetName=4G_MCU_TXD Pin=U1-24
Added Pin To Net: NetName=4G_MCU_RXD Pin=U1-25
Added Pin To Net: NetName=MCU_BL0942_Control Pin=U1-28
Added Pin To Net: NetName=BL0942_MCU_TXD Pin=U1-29
Added Pin To Net: NetName=BL0942_MCU_RXD Pin=U1-30
Added Pin To Net: NetName=GND Pin=U1-31
Added Pin To Net: NetName=VCC33 Pin=U1-32
Added Pin To Net: NetName=ERPOM_SDA Pin=U1-33
Added Pin To Net: NetName=ERPOM_SCL Pin=U1-34
Added Pin To Net: NetName=Relay_C_B Pin=U1-35
Added Pin To Net: NetName=Relay_C_A Pin=U1-36
Added Pin To Net: NetName=LosePowerCheck Pin=U1-37
Added Pin To Net: NetName=BEEP Pin=U1-38
Added Pin To Net: NetName=LED_RUN Pin=U1-39
Added Pin To Net: NetName=LED_Alarm Pin=U1-40
Added Pin To Net: NetName=LED_Alarm Pin=U1-41
Added Pin To Net: NetName=LED_Button Pin=U1-42
Added Pin To Net: NetName=SWDIO Pin=U1-46
Added Pin To Net: NetName=GND Pin=U1-47
Added Pin To Net: NetName=VCC33 Pin=U1-48
Added Pin To Net: NetName=SWCLK Pin=U1-49
Added Pin To Net: NetName=Key_button1 Pin=U1-50
Added Pin To Net: NetName=Key_button2 Pin=U1-51
Added Pin To Net: NetName=Key_button3 Pin=U1-52
Added Pin To Net: NetName=Key_button4 Pin=U1-53
Added Pin To Net: NetName=Key_Init Pin=U1-54
Added Pin To Net: NetName=Key_switch Pin=U1-55
Added Pin To Net: NetName=LCD_Light Pin=U1-56
Added Pin To Net: NetName=LCD_RESET Pin=U1-57
Added Pin To Net: NetName=LCD_D/C Pin=U1-58
Added Pin To Net: NetName=LCD_SDA Pin=U1-59
Added Pin To Net: NetName=GND Pin=U1-60
Added Pin To Net: NetName=LCD_SCL Pin=U1-61
Added Pin To Net: NetName=LCD_CS Pin=U1-62
Added Pin To Net: NetName=GND Pin=U1-63
Added Pin To Net: NetName=VCC33 Pin=U1-64
Added Member To Class: ClassName=MCU Member=Component U1 *
