Added Component: Designator=C1(0805R)
Add component (AddParameter): Name = "LatestRevisionDate"; Value = "17-Jul-2002"; VariantName = "[No Variations]"
Add component (AddParameter): Name = "LatestRevisionNote"; Value = "Re-released for DXP Platform."; VariantName = "[No Variations]"
Add component (AddParameter): Name = "PackageDescription"; Value = "Polarized Capacitor (Radial); 2 Leads"; VariantName = "[No Variations]"
Add component (AddParameter): Name = "PackageReference"; Value = "RB7.6-15"; VariantName = "[No Variations]"
Add component (AddParameter): Name = "Published"; Value = "8-Jun-2000"; VariantName = "[No Variations]"
Add component (AddParameter): Name = "Publisher"; Value = "Altium Limited"; VariantName = "[No Variations]"
Added Component: Designator=C2(0603R)
Added Component: Designator=C3(0603R)
Added Component: Designator=C4(0603R)
Added Component: Designator=C5(0603R)
Added Component: Designator=C6(0603R)
Added Component: Designator=C7(0603R)
Added Component: Designator=C8(0603R)
Added Component: Designator=C9(0603R)
Added Component: Designator=C10(0603R)
Added Component: Designator=C11(0603R)
Added Component: Designator=C12(0603R)
Added Component: Designator=C13(0603R)
Added Component: Designator=C14(0603R)
Added Component: Designator=C15(0603R)
Added Component: Designator=C16(0603R)
Added Component: Designator=C17(0603R)
Added Component: Designator=C18(0603R)
Added Component: Designator=C19(0603R)
Added Component: Designator=J1(KONG-3)
Added Component: Designator=J2(KONG-3)
Added Component: Designator=J3(KONG-3)
Added Component: Designator=J4(KONG-3)
Added Component: Designator=J5(KONG-3)
Added Component: Designator=Nin1(KONG-3)
Added Component: Designator=P3(HDR2X7)
Add component (AddParameter): Name = "LatestRevisionDate"; Value = "17-Jul-2002"; VariantName = "[No Variations]"
Add component (AddParameter): Name = "LatestRevisionNote"; Value = "Re-released for DXP Platform."; VariantName = "[No Variations]"
Add component (AddParameter): Name = "Publisher"; Value = "Altium Limited"; VariantName = "[No Variations]"
Added Component: Designator=P4(CONN-SMD_2P-P1.50_HDGC_HDGC1501WV-S-2P)
Add component (AddParameter): Name = "LatestRevisionDate"; Value = "17-Jul-2002"; VariantName = "[No Variations]"
Add component (AddParameter): Name = "LatestRevisionNote"; Value = "Re-released for DXP Platform."; VariantName = "[No Variations]"
Add component (AddParameter): Name = "Publisher"; Value = "Altium Limited"; VariantName = "[No Variations]"
Added Component: Designator=P5(HDR1X6)
Add component (AddParameter): Name = "LatestRevisionDate"; Value = "17-Jul-2002"; VariantName = "[No Variations]"
Add component (AddParameter): Name = "LatestRevisionNote"; Value = "Re-released for DXP Platform."; VariantName = "[No Variations]"
Add component (AddParameter): Name = "Publisher"; Value = "Altium Limited"; VariantName = "[No Variations]"
Added Component: Designator=R1(3R/3W/绕线电阻)
Added Component: Designator=R2(0603R)
Added Component: Designator=R3(0603R)
Added Component: Designator=R4(0603R)
Added Component: Designator=R5(0603R)
Added Component: Designator=R6(0603r)
Added Component: Designator=R7(0805R)
Added Component: Designator=R8(0603R)
Added Component: Designator=R9(0603R)
Added Component: Designator=R10(0603R)
Added Component: Designator=R11(0603R)
Added Component: Designator=R12(0805R)
Added Component: Designator=R13(0805R)
Added Component: Designator=R14(0805R)
Added Component: Designator=R15(0805R)
Added Component: Designator=R16(0805R)
Added Component: Designator=R17(0805R)
Added Component: Designator=R18(0603R)
Added Component: Designator=R19(0603R)
Added Component: Designator=RV1(10D压敏电阻)
Add component (AddParameter): Name = "Code_IPC"; Value = "RESC2012"; VariantName = "[No Variations]"
Add component (AddParameter): Name = "LatestRevisionDate"; Value = "29-May-2009"; VariantName = "[No Variations]"
Add component (AddParameter): Name = "LatestRevisionNote"; Value = "IPC-7351 Footprint Added."; VariantName = "[No Variations]"
Add component (AddParameter): Name = "PackageDescription"; Value = "Chip Resistor 0805 Case Size"; VariantName = "[No Variations]"
Add component (AddParameter): Name = "PackageReference"; Value = "6-0805"; VariantName = "[No Variations]"
Add component (AddParameter): Name = "PackageVersion"; Value = "Mar-2003"; VariantName = "[No Variations]"
Add component (AddParameter): Name = "Published"; Value = "24-Mar-1999"; VariantName = "[No Variations]"
Add component (AddParameter): Name = "Publisher"; Value = "Altium Limited"; VariantName = "[No Variations]"
Added Component: Designator=U1(ACDC02)
Added Component: Designator=U2(SOT-89-3)
Add component (AddParameter): Name = "Add into BOM"; Value = "yes"; VariantName = "[No Variations]"
Add component (AddParameter): Name = "Convert to PCB"; Value = "yes"; VariantName = "[No Variations]"
Add component (AddParameter): Name = "Datasheet"; Value = "https://atta.szlcsc.com/upload/public/pdf/source/20211011/2BB92D449F9C5B64FAC2088525330307.pdf"; VariantName = "[No Variations]"
Add component (AddParameter): Name = "Device"; Value = "AMS1117-3.3_C2904742"; VariantName = "[No Variations]"
Add component (AddParameter): Name = "Dropout Voltage"; Value = "1.25V@(1A)"; VariantName = "[No Variations]"
Add component (AddParameter): Name = "JLCPCB Part Class"; Value = "Extended Part"; VariantName = "[No Variations]"
Add component (AddParameter): Name = "LCSC Part Name"; Value = "输入20V 输出3.3V 1A"; VariantName = "[No Variations]"
Add component (AddParameter): Name = "Manufacturer"; Value = "YONGYUTAI(永裕泰)"; VariantName = "[No Variations]"
Add component (AddParameter): Name = "Manufacturer Part"; Value = "AMS1117-3.3"; VariantName = "[No Variations]"
Add component (AddParameter): Name = "Maximum Input Voltage"; Value = "20V"; VariantName = "[No Variations]"
Add component (AddParameter): Name = "Name"; Value = ""; VariantName = "[No Variations]"
Add component (AddParameter): Name = "Noise"; Value = "0.003%Vout"; VariantName = "[No Variations]"
Add component (AddParameter): Name = "Number of Outputs"; Value = "1"; VariantName = "[No Variations]"
Add component (AddParameter): Name = "Operating Temperature"; Value = "±125℃@(Tj)"; VariantName = "[No Variations]"
Add component (AddParameter): Name = "Output Current"; Value = "1A"; VariantName = "[No Variations]"
Add component (AddParameter): Name = "Output Polarity"; Value = "正"; VariantName = "[No Variations]"
Add component (AddParameter): Name = "Output Type"; Value = "固定"; VariantName = "[No Variations]"
Add component (AddParameter): Name = "Output Voltage"; Value = "3.3V"; VariantName = "[No Variations]"
Add component (AddParameter): Name = "Power Supply Rejection Ratio (PSRR)"; Value = "75dB@(120Hz)"; VariantName = "[No Variations]"
Add component (AddParameter): Name = "Quiescent Current (Ground Current)"; Value = "5mA"; VariantName = "[No Variations]"
Add component (AddParameter): Name = "Supplier"; Value = "LCSC"; VariantName = "[No Variations]"
Add component (AddParameter): Name = "Supplier Footprint"; Value = "SOT-89-3"; VariantName = "[No Variations]"
Add component (AddParameter): Name = "Supplier Part"; Value = "C2904742"; VariantName = "[No Variations]"
Add component (AddParameter): Name = "Symbol"; Value = "AMS1117-3.3_C2904742"; VariantName = "[No Variations]"
Add Component: Footprint Not Found SOT-23-6_L2.9-W1.6-P0.95-LS2.8-BL
Added Component: Designator=U4(SSOP24)
Added Component: Designator=X1(3225有源晶振)
Added Pin To Net: NetName=VCC12 Pin=C1-1
Added Pin To Net: NetName=VCC12 Pin=C2-2
Added Pin To Net: NetName=VCC12 Pin=C3-2
Added Pin To Net: NetName=VCC33 Pin=C4-2
Added Pin To Net: NetName=VCC33 Pin=C5-2
Added Pin To Net: NetName=VCC12 Pin=C6-2
Added Pin To Net: NetName=VCC12 Pin=C7-2
Added Pin To Net: NetName=VCC12 Pin=C8-2
Added Pin To Net: NetName=VCC33 Pin=C10-1
Added Pin To Net: NetName=VCC33 Pin=P3-14
Added Pin To Net: NetName=VCC12 Pin=P5-1
Added Pin To Net: NetName=VCC33 Pin=R8-1
Added Pin To Net: NetName=VCC33 Pin=R11-2
Added Pin To Net: NetName=VCC12 Pin=U1-5
Added Pin To Net: NetName=VCC12 Pin=U1-5
Added Pin To Net: NetName=VCC33 Pin=U2-2
Added Pin To Net: NetName=VCC33 Pin=U2-2
Added Pin To Net: NetName=VCC12 Pin=U2-3
Add Pin To Net: Unknown Pin: Pin U3-5
Added Pin To Net: NetName=VCC33 Pin=U4-1
Added Pin To Net: NetName=VCC33 Pin=X1-4
Added Pin To Net: NetName=4G_Reset Pin=P3-4
Added Pin To Net: NetName=4G_Reset Pin=P5-5
Added Net: Name=4G_Reset
Added Pin To Net: NetName=4G_RXD Pin=P3-6
Added Pin To Net: NetName=4G_RXD Pin=P5-4
Added Net: Name=4G_RXD
Added Pin To Net: NetName=4G_TXD Pin=P3-8
Added Pin To Net: NetName=4G_TXD Pin=P5-3
Added Net: Name=4G_TXD
Added Pin To Net: NetName=ATT7053CU_IRQ Pin=P3-3
Added Pin To Net: NetName=ATT7053CU_IRQ Pin=U4-15
Added Net: Name=ATT7053CU_IRQ
Added Pin To Net: NetName=ATT7053CU_PF Pin=U4-14
Added Net: Name=ATT7053CU_PF
Added Pin To Net: NetName=ATT7053CU_QF Pin=U4-13
Added Net: Name=ATT7053CU_QF
Added Pin To Net: NetName=ATT7053CU_RST Pin=P3-5
Added Pin To Net: NetName=ATT7053CU_RST Pin=U4-18
Added Net: Name=ATT7053CU_RST
Added Pin To Net: NetName=ATT7053CU_SPI_CLK Pin=P3-11
Added Pin To Net: NetName=ATT7053CU_SPI_CLK Pin=U4-21
Added Net: Name=ATT7053CU_SPI_CLK
Added Pin To Net: NetName=ATT7053CU_SPI_CS Pin=P3-1
Added Pin To Net: NetName=ATT7053CU_SPI_CS Pin=U4-16
Added Net: Name=ATT7053CU_SPI_CS
Added Pin To Net: NetName=ATT7053CU_SPI_MISO Pin=P3-9
Added Pin To Net: NetName=ATT7053CU_SPI_MISO Pin=U4-20
Added Net: Name=ATT7053CU_SPI_MISO
Added Pin To Net: NetName=ATT7053CU_SPI_MOSI Pin=P3-7
Added Pin To Net: NetName=ATT7053CU_SPI_MOSI Pin=U4-19
Added Net: Name=ATT7053CU_SPI_MOSI
Added Pin To Net: NetName=Lin Pin=J3-1
Added Pin To Net: NetName=Lin Pin=R12-2
Added Net: Name=Lin
Added Pin To Net: NetName=NetC13_1 Pin=C13-1
Added Pin To Net: NetName=NetC13_1 Pin=R8-2
Added Pin To Net: NetName=NetC13_1 Pin=U4-3
Added Pin To Net: NetName=NetC13_1 Pin=U4-4
Added Net: Name=NetC13_1
Added Pin To Net: NetName=NetC16_1 Pin=C16-1
Added Pin To Net: NetName=NetC16_1 Pin=C17-1
Added Pin To Net: NetName=NetC16_1 Pin=U4-10
Added Net: Name=NetC16_1
Added Pin To Net: NetName=NetJ1_1 Pin=J1-1
Added Pin To Net: NetName=NetJ1_1 Pin=R9-1
Added Net: Name=NetJ1_1
Added Pin To Net: NetName=NetJ2_1 Pin=J2-1
Added Pin To Net: NetName=NetJ2_1 Pin=R10-1
Added Net: Name=NetJ2_1
Added Pin To Net: NetName=NetP4_2 Pin=P4-2
Added Pin To Net: NetName=NetP4_2 Pin=R6-1
Added Pin To Net: NetName=NetP4_2 Pin=R7-2
Added Net: Name=NetP4_2
Added Pin To Net: NetName=NetR1_2 Pin=R1-2
Added Pin To Net: NetName=NetR1_2 Pin=RV1-1
Added Pin To Net: NetName=NetR1_2 Pin=U1-1
Added Pin To Net: NetName=NetR1_2 Pin=U1-1
Added Pin To Net: NetName=NetR1_2 Pin=U1-1
Added Net: Name=NetR1_2
Added Pin To Net: NetName=NetR2_2 Pin=R2-2
Added Pin To Net: NetName=NetR2_2 Pin=R4-2
Added Net: Name=NetR2_2
Added Pin To Net: NetName=NetR3_2 Pin=R3-2
Added Pin To Net: NetName=NetR3_2 Pin=R5-1
Added Net: Name=NetR3_2
Added Pin To Net: NetName=NetR11_1 Pin=R11-1
Added Pin To Net: NetName=NetR11_1 Pin=U4-12
Added Net: Name=NetR11_1
Added Pin To Net: NetName=NetR12_1 Pin=R12-1
Added Pin To Net: NetName=NetR12_1 Pin=R13-1
Added Net: Name=NetR12_1
Added Pin To Net: NetName=NetR13_2 Pin=R13-2
Added Pin To Net: NetName=NetR13_2 Pin=R14-2
Added Net: Name=NetR13_2
Added Pin To Net: NetName=NetR14_1 Pin=R14-1
Added Pin To Net: NetName=NetR14_1 Pin=R15-1
Added Net: Name=NetR14_1
Added Pin To Net: NetName=NetR15_2 Pin=R15-2
Added Pin To Net: NetName=NetR15_2 Pin=R16-2
Added Net: Name=NetR15_2
Added Pin To Net: NetName=NetR16_1 Pin=R16-1
Added Pin To Net: NetName=NetR16_1 Pin=R17-1
Added Net: Name=NetR16_1
Added Pin To Net: NetName=NetU4_22 Pin=U4-22
Added Pin To Net: NetName=NetU4_22 Pin=X1-3
Added Net: Name=NetU4_22
Added Pin To Net: NetName=Nin Pin=C1-2
Added Pin To Net: NetName=Nin Pin=C2-1
Added Pin To Net: NetName=Nin Pin=C3-1
Added Pin To Net: NetName=Nin Pin=C4-1
Added Pin To Net: NetName=Nin Pin=C5-1
Added Pin To Net: NetName=Nin Pin=C6-1
Added Pin To Net: NetName=Nin Pin=C7-1
Added Pin To Net: NetName=Nin Pin=C8-1
Added Pin To Net: NetName=Nin Pin=C9-2
Added Pin To Net: NetName=Nin Pin=C10-2
Added Pin To Net: NetName=Nin Pin=C11-2
Added Pin To Net: NetName=Nin Pin=C12-2
Added Pin To Net: NetName=Nin Pin=C13-2
Added Pin To Net: NetName=Nin Pin=C14-2
Added Pin To Net: NetName=Nin Pin=C15-2
Added Pin To Net: NetName=Nin Pin=C16-2
Added Pin To Net: NetName=Nin Pin=C17-2
Added Pin To Net: NetName=Nin Pin=C18-2
Added Pin To Net: NetName=Nin Pin=C19-1
Added Pin To Net: NetName=Nin Pin=Nin1-1
Added Pin To Net: NetName=Nin Pin=P3-13
Added Pin To Net: NetName=Nin Pin=P4-1
Added Pin To Net: NetName=Nin Pin=P5-2
Added Pin To Net: NetName=Nin Pin=R2-1
Added Pin To Net: NetName=Nin Pin=R3-1
Added Pin To Net: NetName=Nin Pin=R7-1
Added Pin To Net: NetName=Nin Pin=R18-1
Added Pin To Net: NetName=Nin Pin=R19-2
Added Pin To Net: NetName=Nin Pin=RV1-2
Added Pin To Net: NetName=Nin Pin=U1-2
Added Pin To Net: NetName=Nin Pin=U1-2
Added Pin To Net: NetName=Nin Pin=U1-4
Added Pin To Net: NetName=Nin Pin=U1-4
Added Pin To Net: NetName=Nin Pin=U1-4
Added Pin To Net: NetName=Nin Pin=U2-1
Added Pin To Net: NetName=Nin Pin=U4-11
Added Pin To Net: NetName=Nin Pin=U4-24
Added Pin To Net: NetName=Nin Pin=X1-2
Added Net: Name=Nin
Added Pin To Net: NetName=Relay_C_A Pin=P3-12
Added Net: Name=Relay_C_A
Added Pin To Net: NetName=Relay_O_A Pin=J4-1
Added Net: Name=Relay_O_A
Added Pin To Net: NetName=Relay_O_B Pin=J5-1
Added Net: Name=Relay_O_B
Added Pin To Net: NetName=V1N Pin=C15-1
Added Pin To Net: NetName=V1N Pin=R10-2
Added Pin To Net: NetName=V1N Pin=U4-9
Added Net: Name=V1N
Added Pin To Net: NetName=V1P Pin=C14-1
Added Pin To Net: NetName=V1P Pin=R9-2
Added Pin To Net: NetName=V1P Pin=U4-8
Added Net: Name=V1P
Added Pin To Net: NetName=V2P Pin=C9-1
Added Pin To Net: NetName=V2P Pin=R6-2
Added Pin To Net: NetName=V2P Pin=U4-7
Added Net: Name=V2P
Added Pin To Net: NetName=V3N Pin=C19-2
Added Pin To Net: NetName=V3N Pin=R19-1
Added Pin To Net: NetName=V3N Pin=U4-5
Added Net: Name=V3N
Added Pin To Net: NetName=V3P Pin=C18-1
Added Pin To Net: NetName=V3P Pin=R17-2
Added Pin To Net: NetName=V3P Pin=R18-2
Added Pin To Net: NetName=V3P Pin=U4-6
Added Net: Name=V3P
Added Pin To Net: NetName=VDD1P8 Pin=C11-1
Added Pin To Net: NetName=VDD1P8 Pin=C12-1
Added Pin To Net: NetName=VDD1P8 Pin=U4-2
Added Net: Name=VDD1P8
Added Member To Class: ClassName=Sheet1 Member=Component C1 470uF/16V
Added Member To Class: ClassName=Sheet1 Member=Component C2 47uF/25V
Added Member To Class: ClassName=Sheet1 Member=Component C3 104/25V
Added Member To Class: ClassName=Sheet1 Member=Component C4 47uF/25V
Added Member To Class: ClassName=Sheet1 Member=Component C5 104/25V
Added Member To Class: ClassName=Sheet1 Member=Component C6 104/25V
Added Member To Class: ClassName=Sheet1 Member=Component C7 47uF/25V
Added Member To Class: ClassName=Sheet1 Member=Component C8 104/25V
Added Member To Class: ClassName=Sheet1 Member=Component C9 10nF/10V
Added Member To Class: ClassName=Sheet1 Member=Component C10 104
Added Member To Class: ClassName=Sheet1 Member=Component C11 104
Added Member To Class: ClassName=Sheet1 Member=Component C12 105/16V
Added Member To Class: ClassName=Sheet1 Member=Component C13 104
Added Member To Class: ClassName=Sheet1 Member=Component C14 10nF/10V
Added Member To Class: ClassName=Sheet1 Member=Component C15 10nF/10V
Added Member To Class: ClassName=Sheet1 Member=Component C16 105/16V
Added Member To Class: ClassName=Sheet1 Member=Component C17 104
Added Member To Class: ClassName=Sheet1 Member=Component C18 10nF/10V
Added Member To Class: ClassName=Sheet1 Member=Component C19 10nF/10V
Added Member To Class: ClassName=Sheet1 Member=Component J1
Added Member To Class: ClassName=Sheet1 Member=Component J2 J1
Added Member To Class: ClassName=Sheet1 Member=Component J3 J1
Added Member To Class: ClassName=Sheet1 Member=Component J4 J1
Added Member To Class: ClassName=Sheet1 Member=Component J5 J1
Added Member To Class: ClassName=Sheet1 Member=Component Nin1 J1
Added Member To Class: ClassName=Sheet1 Member=Component P3 Header 7X2
Added Member To Class: ClassName=Sheet1 Member=Component P4
Added Member To Class: ClassName=Sheet1 Member=Component P5 Header 6
Added Member To Class: ClassName=Sheet1 Member=Component R1 20R/2W
Added Member To Class: ClassName=Sheet1 Member=Component R2 4.7K/5%
Added Member To Class: ClassName=Sheet1 Member=Component R3 4.7K/5%
Added Member To Class: ClassName=Sheet1 Member=Component R4 100R/5%
Added Member To Class: ClassName=Sheet1 Member=Component R5 100R/5%
Added Member To Class: ClassName=Sheet1 Member=Component R6 1K/1%
Added Member To Class: ClassName=Sheet1 Member=Component R7 0805-62Ω±1%±25ppm/℃-1/8W
Added Member To Class: ClassName=Sheet1 Member=Component R8 10R
Added Member To Class: ClassName=Sheet1 Member=Component R9 1.2K/1%
Added Member To Class: ClassName=Sheet1 Member=Component R10 1.2K/1%
Added Member To Class: ClassName=Sheet1 Member=Component R11 472
Added Member To Class: ClassName=Sheet1 Member=Component R12 220K
Added Member To Class: ClassName=Sheet1 Member=Component R13 220K
Added Member To Class: ClassName=Sheet1 Member=Component R14 220K
Added Member To Class: ClassName=Sheet1 Member=Component R15 220K
Added Member To Class: ClassName=Sheet1 Member=Component R16 220K
Added Member To Class: ClassName=Sheet1 Member=Component R17 220K
Added Member To Class: ClassName=Sheet1 Member=Component R18 1K/1%
Added Member To Class: ClassName=Sheet1 Member=Component R19 1K/1%
Added Member To Class: ClassName=Sheet1 Member=Component RV1 10D561K
Added Member To Class: ClassName=Sheet1 Member=Component U1 ADC0202
Added Member To Class: ClassName=Sheet1 Member=Component U2 AMS1117-3.3
Add Class Member: Failed to add class member : Component U3 BL8023HCB6TR
Added Member To Class: ClassName=Sheet1 Member=Component U4 ATT7053CU
Added Member To Class: ClassName=Sheet1 Member=Component X1 6M有源晶振
