Added Component: Designator=B1(MS621)
Added Component: Designator=BP1(XHXDZ-SMD9650)
Added Component: Designator=C1(0603R)
Added Component: Designator=C2(0805R)
Add component (AddParameter): Name = "LatestRevisionDate"; Value = "17-Jul-2002"; VariantName = "[No Variations]"
Add component (AddParameter): Name = "LatestRevisionNote"; Value = "Re-released for DXP Platform."; VariantName = "[No Variations]"
Add component (AddParameter): Name = "PackageDescription"; Value = "Polarized Capacitor (Radial); 2 Leads"; VariantName = "[No Variations]"
Add component (AddParameter): Name = "PackageReference"; Value = "RB7.6-15"; VariantName = "[No Variations]"
Add component (AddParameter): Name = "Published"; Value = "8-Jun-2000"; VariantName = "[No Variations]"
Add component (AddParameter): Name = "Publisher"; Value = "Altium Limited"; VariantName = "[No Variations]"
Added Component: Designator=C3(0603R)
Added Component: Designator=C4(0603R)
Added Component: Designator=C5(0603R)
Added Component: Designator=C6(0603R)
Added Component: Designator=C7(0603R)
Added Component: Designator=C8(0603R)
Added Component: Designator=C9(0603R)
Added Component: Designator=C10(0603R)
Added Component: Designator=C11(0603R)
Added Component: Designator=C12(0603R)
Added Component: Designator=C13(0603R)
Added Component: Designator=C14(0603R)
Added Component: Designator=C15(0603R)
Added Component: Designator=C16(0603R)
Added Component: Designator=C17(0603R)
Added Component: Designator=C18(0603r)
Added Component: Designator=C19(0603r)
Added Component: Designator=C20(0603r)
Added Component: Designator=C21(0603R)
Added Component: Designator=C22(0603r)
Added Component: Designator=C25(0603R)
Added Component: Designator=C26(0603R)
Added Component: Designator=C27(0603R)
Added Component: Designator=C28(0603R)
Added Component: Designator=C29(0603R)
Added Component: Designator=D1(SOD323)
Added Component: Designator=LED1(LED0805)
Added Component: Designator=LED2(LED0805)
Added Component: Designator=LED3(LED0805)
Added Component: Designator=LED4(LED0805)
Added Component: Designator=P1(CONN-SMD_5BME8-08872-203-W0)
Add component (AddParameter): Name = "LatestRevisionDate"; Value = "17-Jul-2002"; VariantName = "[No Variations]"
Add component (AddParameter): Name = "LatestRevisionNote"; Value = "Re-released for DXP Platform."; VariantName = "[No Variations]"
Add component (AddParameter): Name = "Publisher"; Value = "Altium Limited"; VariantName = "[No Variations]"
Added Component: Designator=P2(CONN-SMD_5BME8-08872-203-W0)
Add component (AddParameter): Name = "LatestRevisionDate"; Value = "17-Jul-2002"; VariantName = "[No Variations]"
Add component (AddParameter): Name = "LatestRevisionNote"; Value = "Re-released for DXP Platform."; VariantName = "[No Variations]"
Add component (AddParameter): Name = "Publisher"; Value = "Altium Limited"; VariantName = "[No Variations]"
Added Component: Designator=P3(HDR1X4)
Add component (AddParameter): Name = "LatestRevisionDate"; Value = "17-Jul-2002"; VariantName = "[No Variations]"
Add component (AddParameter): Name = "LatestRevisionNote"; Value = "Re-released for DXP Platform."; VariantName = "[No Variations]"
Add component (AddParameter): Name = "Publisher"; Value = "Altium Limited"; VariantName = "[No Variations]"
Added Component: Designator=P4(HDR1X14)
Add component (AddParameter): Name = "LatestRevisionDate"; Value = "17-Jul-2002"; VariantName = "[No Variations]"
Add component (AddParameter): Name = "LatestRevisionNote"; Value = "Re-released for DXP Platform."; VariantName = "[No Variations]"
Add component (AddParameter): Name = "Publisher"; Value = "Altium Limited"; VariantName = "[No Variations]"
Added Component: Designator=P5(CONN-SMD_5BME8-08872-203-W0)
Add component (AddParameter): Name = "LatestRevisionDate"; Value = "17-Jul-2002"; VariantName = "[No Variations]"
Add component (AddParameter): Name = "LatestRevisionNote"; Value = "Re-released for DXP Platform."; VariantName = "[No Variations]"
Add component (AddParameter): Name = "Publisher"; Value = "Altium Limited"; VariantName = "[No Variations]"
Added Component: Designator=P6(CONN-SMD_5BME8-08872-204-W0)
Add component (AddParameter): Name = "LatestRevisionDate"; Value = "17-Jul-2002"; VariantName = "[No Variations]"
Add component (AddParameter): Name = "LatestRevisionNote"; Value = "Re-released for DXP Platform."; VariantName = "[No Variations]"
Add component (AddParameter): Name = "Publisher"; Value = "Altium Limited"; VariantName = "[No Variations]"
Added Component: Designator=Q1(SOT-23)
Added Component: Designator=Q2(SOT-23)
Added Component: Designator=R1(0603R)
Add component (AddParameter): Name = "LatestRevisionDate"; Value = "17-Jul-2002"; VariantName = "[No Variations]"
Add component (AddParameter): Name = "LatestRevisionNote"; Value = "Re-released for DXP Platform."; VariantName = "[No Variations]"
Add component (AddParameter): Name = "PackageDescription"; Value = "Axial Device, Thru-Hole; 2 Leads; 0.4 in Pin Spacing"; VariantName = "[No Variations]"
Add component (AddParameter): Name = "PackageReference"; Value = "AXIAL-0.4"; VariantName = "[No Variations]"
Add component (AddParameter): Name = "Published"; Value = "8-Jun-2000"; VariantName = "[No Variations]"
Add component (AddParameter): Name = "Publisher"; Value = "Altium Limited"; VariantName = "[No Variations]"
Add component (AddParameter): Name = "Value"; Value = "1K"; VariantName = "[No Variations]"
Added Component: Designator=R2(0603R)
Add component (AddParameter): Name = "LatestRevisionDate"; Value = "17-Jul-2002"; VariantName = "[No Variations]"
Add component (AddParameter): Name = "LatestRevisionNote"; Value = "Re-released for DXP Platform."; VariantName = "[No Variations]"
Add component (AddParameter): Name = "PackageDescription"; Value = "Axial Device, Thru-Hole; 2 Leads; 0.4 in Pin Spacing"; VariantName = "[No Variations]"
Add component (AddParameter): Name = "PackageReference"; Value = "AXIAL-0.4"; VariantName = "[No Variations]"
Add component (AddParameter): Name = "Published"; Value = "8-Jun-2000"; VariantName = "[No Variations]"
Add component (AddParameter): Name = "Publisher"; Value = "Altium Limited"; VariantName = "[No Variations]"
Add component (AddParameter): Name = "Value"; Value = "1K"; VariantName = "[No Variations]"
Added Component: Designator=R3(0603R)
Add component (AddParameter): Name = "LatestRevisionDate"; Value = "17-Jul-2002"; VariantName = "[No Variations]"
Add component (AddParameter): Name = "LatestRevisionNote"; Value = "Re-released for DXP Platform."; VariantName = "[No Variations]"
Add component (AddParameter): Name = "PackageDescription"; Value = "Axial Device, Thru-Hole; 2 Leads; 0.4 in Pin Spacing"; VariantName = "[No Variations]"
Add component (AddParameter): Name = "PackageReference"; Value = "AXIAL-0.4"; VariantName = "[No Variations]"
Add component (AddParameter): Name = "Published"; Value = "8-Jun-2000"; VariantName = "[No Variations]"
Add component (AddParameter): Name = "Publisher"; Value = "Altium Limited"; VariantName = "[No Variations]"
Added Component: Designator=R4(0603R)
Added Component: Designator=R5(0603R)
Added Component: Designator=R6(0603R)
Add component (AddParameter): Name = "LatestRevisionDate"; Value = "17-Jul-2002"; VariantName = "[No Variations]"
Add component (AddParameter): Name = "LatestRevisionNote"; Value = "Re-released for DXP Platform."; VariantName = "[No Variations]"
Add component (AddParameter): Name = "PackageDescription"; Value = "Axial Device, Thru-Hole; 2 Leads; 0.4 in Pin Spacing"; VariantName = "[No Variations]"
Add component (AddParameter): Name = "PackageReference"; Value = "AXIAL-0.4"; VariantName = "[No Variations]"
Add component (AddParameter): Name = "Published"; Value = "8-Jun-2000"; VariantName = "[No Variations]"
Add component (AddParameter): Name = "Publisher"; Value = "Altium Limited"; VariantName = "[No Variations]"
Add component (AddParameter): Name = "Value"; Value = "1K"; VariantName = "[No Variations]"
Added Component: Designator=R7(0603R)
Add component (AddParameter): Name = "LatestRevisionDate"; Value = "17-Jul-2002"; VariantName = "[No Variations]"
Add component (AddParameter): Name = "LatestRevisionNote"; Value = "Re-released for DXP Platform."; VariantName = "[No Variations]"
Add component (AddParameter): Name = "PackageDescription"; Value = "Axial Device, Thru-Hole; 2 Leads; 0.4 in Pin Spacing"; VariantName = "[No Variations]"
Add component (AddParameter): Name = "PackageReference"; Value = "AXIAL-0.4"; VariantName = "[No Variations]"
Add component (AddParameter): Name = "Published"; Value = "8-Jun-2000"; VariantName = "[No Variations]"
Add component (AddParameter): Name = "Publisher"; Value = "Altium Limited"; VariantName = "[No Variations]"
Added Component: Designator=R8(0603R)
Add component (AddParameter): Name = "LatestRevisionDate"; Value = "17-Jul-2002"; VariantName = "[No Variations]"
Add component (AddParameter): Name = "LatestRevisionNote"; Value = "Re-released for DXP Platform."; VariantName = "[No Variations]"
Add component (AddParameter): Name = "PackageDescription"; Value = "Axial Device, Thru-Hole; 2 Leads; 0.4 in Pin Spacing"; VariantName = "[No Variations]"
Add component (AddParameter): Name = "PackageReference"; Value = "AXIAL-0.4"; VariantName = "[No Variations]"
Add component (AddParameter): Name = "Published"; Value = "8-Jun-2000"; VariantName = "[No Variations]"
Add component (AddParameter): Name = "Publisher"; Value = "Altium Limited"; VariantName = "[No Variations]"
Add component (AddParameter): Name = "Value"; Value = "1K"; VariantName = "[No Variations]"
Added Component: Designator=R9(0603R)
Added Component: Designator=R10(0603R)
Added Component: Designator=R11(0603R)
Added Component: Designator=R12(0603r)
Added Component: Designator=R13(0603r)
Added Component: Designator=R14(0603r)
Added Component: Designator=R16(0603R)
Added Component: Designator=R17(0603R)
Added Component: Designator=S1(4.5*4.5贴片4脚独立按键)
Added Component: Designator=S2(4.5*4.5贴片4脚独立按键)
Added Component: Designator=S3(4.5*4.5贴片4脚独立按键)
Added Component: Designator=S4(4.5*4.5贴片4脚独立按键)
Added Component: Designator=S5(4.5*4.5贴片4脚独立按键)
Added Component: Designator=S6(4.5*4.5贴片4脚独立按键)
Add Component: Footprint Not Found 
Added Component: Designator=U2(SOT-23-5)
Added Component: Designator=U3(TSSOP8)
Added Component: Designator=X1(Y3215)
Added Component: Designator=Y1(3225)
Added Pin To Net: NetName=GND Pin=B1-2
Added Pin To Net: NetName=GND Pin=C1-1
Added Pin To Net: NetName=VCC33 Pin=C1-2
Added Pin To Net: NetName=VCC33 Pin=C2-1
Added Pin To Net: NetName=GND Pin=C2-2
Added Pin To Net: NetName=GND Pin=C3-1
Added Pin To Net: NetName=VCC33 Pin=C3-2
Added Pin To Net: NetName=GND Pin=C4-1
Added Pin To Net: NetName=VCC33 Pin=C4-2
Added Pin To Net: NetName=GND Pin=C5-2
Added Pin To Net: NetName=GND Pin=C6-1
Added Pin To Net: NetName=GND Pin=C7-1
Added Pin To Net: NetName=VCC33 Pin=C7-2
Added Pin To Net: NetName=GND Pin=C8-1
Added Pin To Net: NetName=VCC33 Pin=C8-2
Added Pin To Net: NetName=GND Pin=C9-1
Added Pin To Net: NetName=VCC33 Pin=C9-2
Added Pin To Net: NetName=GND Pin=C10-1
Added Pin To Net: NetName=VCC33 Pin=C10-2
Added Pin To Net: NetName=GND Pin=C11-1
Added Pin To Net: NetName=VCC33 Pin=C11-2
Added Pin To Net: NetName=GND Pin=C12-1
Added Pin To Net: NetName=VCC33 Pin=C12-2
Added Pin To Net: NetName=GND Pin=C13-1
Added Pin To Net: NetName=GND Pin=C14-1
Added Pin To Net: NetName=VCC33 Pin=C14-2
Added Pin To Net: NetName=GND Pin=C15-1
Added Pin To Net: NetName=MCU_RESET Pin=C15-2
Added Pin To Net: NetName=GND Pin=C16-1
Added Pin To Net: NetName=VCC33 Pin=C16-2
Added Pin To Net: NetName=GND Pin=C17-1
Added Pin To Net: NetName=VCC33 Pin=C17-2
Added Pin To Net: NetName=GND Pin=C18-2
Added Pin To Net: NetName=GND Pin=C19-1
Added Pin To Net: NetName=GND Pin=C20-1
Added Pin To Net: NetName=GND Pin=C21-1
Added Pin To Net: NetName=VCC33 Pin=C21-2
Added Pin To Net: NetName=GND Pin=C22-1
Added Pin To Net: NetName=NetC22_2 Pin=C22-2
Added Pin To Net: NetName=GND Pin=C25-2
Added Pin To Net: NetName=GND Pin=C26-2
Added Pin To Net: NetName=GND Pin=C27-2
Added Pin To Net: NetName=GND Pin=C28-2
Added Pin To Net: NetName=GND Pin=C29-2
Added Pin To Net: NetName=VCC33 Pin=D1-2
Added Pin To Net: NetName=NetLED1_1 Pin=LED1-1
Added Pin To Net: NetName=LED_RUN Pin=LED1-2
Added Pin To Net: NetName=NetLED2_1 Pin=LED2-1
Added Pin To Net: NetName=LED_Alarm Pin=LED2-2
Added Pin To Net: NetName=NetLED3_1 Pin=LED3-1
Added Pin To Net: NetName=LED_Alarm Pin=LED3-2
Added Pin To Net: NetName=LoseCurrent Pin=P1-2
Added Pin To Net: NetName=Relay_C_B Pin=P2-1
Added Pin To Net: NetName=Relay_C_A Pin=P2-3
Added Pin To Net: NetName=MCU_BL0942_Control Pin=P2-5
Added Pin To Net: NetName=GND Pin=P3-1
Added Pin To Net: NetName=SWCLK Pin=P3-2
Added Pin To Net: NetName=SWDIO Pin=P3-3
Added Pin To Net: NetName=VCC33 Pin=P3-4
Added Pin To Net: NetName=GND Pin=P4-2
Added Pin To Net: NetName=GND Pin=P4-3
Added Pin To Net: NetName=GND Pin=P4-5
Added Pin To Net: NetName=LCD_SDA Pin=P4-8
Added Pin To Net: NetName=LCD_SCL Pin=P4-9
Added Pin To Net: NetName=VCC33 Pin=P4-10
Added Pin To Net: NetName=VCC33 Pin=P4-11
Added Pin To Net: NetName=GND Pin=P4-13
Added Pin To Net: NetName=4G_MCU_RXD Pin=P6-1
Added Pin To Net: NetName=VCC33 Pin=P6-2
Added Pin To Net: NetName=GND Pin=P6-4
Added Pin To Net: NetName=4G_Reset Pin=P6-6
Added Pin To Net: NetName=4G_MCU_TXD Pin=P6-8
Added Pin To Net: NetName=GND Pin=Q1-2
Added Pin To Net: NetName=VCC33 Pin=Q2-2
Added Pin To Net: NetName=VCC33 Pin=R1-1
Added Pin To Net: NetName=NetLED1_1 Pin=R1-2
Added Pin To Net: NetName=VCC33 Pin=R2-1
Added Pin To Net: NetName=NetLED2_1 Pin=R2-2
Added Pin To Net: NetName=VCC33 Pin=R6-1
Added Pin To Net: NetName=NetLED3_1 Pin=R6-2
Added Pin To Net: NetName=GND Pin=R7-2
Added Pin To Net: NetName=VCC33 Pin=R8-1
Added Pin To Net: NetName=VCC33 Pin=R9-2
Added Pin To Net: NetName=GND Pin=R11-1
Added Pin To Net: NetName=MCU_RESET Pin=R12-1
Added Pin To Net: NetName=VCC33 Pin=R12-2
Added Pin To Net: NetName=SWDIO Pin=R13-1
Added Pin To Net: NetName=VCC33 Pin=R13-2
Added Pin To Net: NetName=GND Pin=R14-1
Added Pin To Net: NetName=SWCLK Pin=R14-2
Added Pin To Net: NetName=VCC33 Pin=R16-1
Added Pin To Net: NetName=VCC33 Pin=R17-1
Added Pin To Net: NetName=GND Pin=S1-2
Added Pin To Net: NetName=GND Pin=S1-2
Added Pin To Net: NetName=GND Pin=S2-2
Added Pin To Net: NetName=GND Pin=S2-2
Added Pin To Net: NetName=GND Pin=S3-2
Added Pin To Net: NetName=GND Pin=S3-2
Added Pin To Net: NetName=GND Pin=S4-2
Added Pin To Net: NetName=GND Pin=S4-2
Added Pin To Net: NetName=GND Pin=S5-2
Added Pin To Net: NetName=GND Pin=S5-2
Added Pin To Net: NetName=GND Pin=S6-2
Added Pin To Net: NetName=GND Pin=S6-2
Add Pin To Net: Unknown Pin: Pin U1-7
Add Pin To Net: Unknown Pin: Pin U1-8
Add Pin To Net: Unknown Pin: Pin U1-9
Add Pin To Net: Unknown Pin: Pin U1-12
Add Pin To Net: Unknown Pin: Pin U1-13
Add Pin To Net: Unknown Pin: Pin U1-18
Add Pin To Net: Unknown Pin: Pin U1-19
Add Pin To Net: Unknown Pin: Pin U1-23
Add Pin To Net: Unknown Pin: Pin U1-24
Add Pin To Net: Unknown Pin: Pin U1-25
Add Pin To Net: Unknown Pin: Pin U1-28
Add Pin To Net: Unknown Pin: Pin U1-31
Add Pin To Net: Unknown Pin: Pin U1-32
Add Pin To Net: Unknown Pin: Pin U1-35
Add Pin To Net: Unknown Pin: Pin U1-36
Add Pin To Net: Unknown Pin: Pin U1-39
Add Pin To Net: Unknown Pin: Pin U1-40
Add Pin To Net: Unknown Pin: Pin U1-41
Add Pin To Net: Unknown Pin: Pin U1-46
Add Pin To Net: Unknown Pin: Pin U1-47
Add Pin To Net: Unknown Pin: Pin U1-48
Add Pin To Net: Unknown Pin: Pin U1-49
Add Pin To Net: Unknown Pin: Pin U1-59
Add Pin To Net: Unknown Pin: Pin U1-60
Add Pin To Net: Unknown Pin: Pin U1-61
Add Pin To Net: Unknown Pin: Pin U1-63
Add Pin To Net: Unknown Pin: Pin U1-64
Added Pin To Net: NetName=GND Pin=U2-2
Added Pin To Net: NetName=Dog_WDI Pin=U2-4
Added Pin To Net: NetName=VCC33 Pin=U2-5
Added Pin To Net: NetName=GND Pin=U3-1
Added Pin To Net: NetName=GND Pin=U3-2
Added Pin To Net: NetName=GND Pin=U3-3
Added Pin To Net: NetName=GND Pin=U3-4
Added Pin To Net: NetName=GND Pin=U3-7
Added Pin To Net: NetName=VCC33 Pin=U3-8
Added Pin To Net: NetName=GND Pin=Y1-2
Added Pin To Net: NetName=NetC22_2 Pin=Y1-3
Added Pin To Net: NetName=GND Pin=Y1-4
Added Pin To Net: NetName=BEEP Pin=R3-1
Added Net: Name=BEEP
Added Pin To Net: NetName=BL0942_MCU_RXD Pin=P2-6
Added Net: Name=BL0942_MCU_RXD
Added Pin To Net: NetName=BL0942_MCU_TXD Pin=P2-4
Added Net: Name=BL0942_MCU_TXD
Added Pin To Net: NetName=ERPOM_SCL Pin=R16-2
Added Pin To Net: NetName=ERPOM_SCL Pin=U3-6
Added Net: Name=ERPOM_SCL
Added Pin To Net: NetName=ERPOM_SDA Pin=R17-2
Added Pin To Net: NetName=ERPOM_SDA Pin=U3-5
Added Net: Name=ERPOM_SDA
Added Pin To Net: NetName=Key_button1 Pin=C5-1
Added Pin To Net: NetName=Key_button1 Pin=S1-1
Added Pin To Net: NetName=Key_button1 Pin=S1-1
Added Net: Name=Key_button1
Added Pin To Net: NetName=Key_button2 Pin=C25-1
Added Pin To Net: NetName=Key_button2 Pin=S2-1
Added Pin To Net: NetName=Key_button2 Pin=S2-1
Added Net: Name=Key_button2
Added Pin To Net: NetName=Key_button3 Pin=C27-1
Added Pin To Net: NetName=Key_button3 Pin=S4-1
Added Pin To Net: NetName=Key_button3 Pin=S4-1
Added Net: Name=Key_button3
Added Pin To Net: NetName=Key_button4 Pin=C28-1
Added Pin To Net: NetName=Key_button4 Pin=S5-1
Added Pin To Net: NetName=Key_button4 Pin=S5-1
Added Net: Name=Key_button4
Added Pin To Net: NetName=Key_Init Pin=C26-1
Added Pin To Net: NetName=Key_Init Pin=S3-1
Added Pin To Net: NetName=Key_Init Pin=S3-1
Added Net: Name=Key_Init
Added Pin To Net: NetName=Key_switch Pin=C29-1
Added Pin To Net: NetName=Key_switch Pin=S6-1
Added Pin To Net: NetName=Key_switch Pin=S6-1
Added Net: Name=Key_switch
Added Pin To Net: NetName=LCD_CS Pin=P4-12
Added Net: Name=LCD_CS
Added Pin To Net: NetName=LCD_D/C Pin=P4-7
Added Net: Name=LCD_D/C
Added Pin To Net: NetName=LCD_Light Pin=R10-2
Added Net: Name=LCD_Light
Added Pin To Net: NetName=LCD_RESET Pin=P4-6
Added Net: Name=LCD_RESET
Added Pin To Net: NetName=LED_Button Pin=LED4-2
Added Net: Name=LED_Button
Added Pin To Net: NetName=Lora_MCU_RXD Pin=P6-7
Added Net: Name=Lora_MCU_RXD
Added Pin To Net: NetName=Lora_MCU_TXD Pin=P6-5
Added Net: Name=Lora_MCU_TXD
Added Pin To Net: NetName=Lora_Reset Pin=P6-3
Added Net: Name=Lora_Reset
Added Pin To Net: NetName=LosePowerCheck Pin=C13-2
Added Pin To Net: NetName=LosePowerCheck Pin=R5-2
Added Pin To Net: NetName=LosePowerCheck Pin=R11-2
Added Net: Name=LosePowerCheck
Added Pin To Net: NetName=NetBP1_2 Pin=BP1-2
Added Pin To Net: NetName=NetBP1_2 Pin=Q1-3
Added Net: Name=NetBP1_2
Added Pin To Net: NetName=NetC20_2 Pin=C20-2
Added Pin To Net: NetName=NetC20_2 Pin=Y1-1
Added Net: Name=NetC20_2
Added Pin To Net: NetName=NetD1_1 Pin=D1-1
Added Pin To Net: NetName=NetD1_1 Pin=R4-2
Added Net: Name=NetD1_1
Added Pin To Net: NetName=NetLED4_1 Pin=LED4-1
Added Pin To Net: NetName=NetLED4_1 Pin=R8-2
Added Net: Name=NetLED4_1
Added Pin To Net: NetName=NetP4_4 Pin=P4-4
Added Pin To Net: NetName=NetP4_4 Pin=Q2-3
Added Net: Name=NetP4_4
Added Pin To Net: NetName=NetQ1_1 Pin=Q1-1
Added Pin To Net: NetName=NetQ1_1 Pin=R3-2
Added Pin To Net: NetName=NetQ1_1 Pin=R7-1
Added Net: Name=NetQ1_1
Added Pin To Net: NetName=NetQ2_1 Pin=Q2-1
Added Pin To Net: NetName=NetQ2_1 Pin=R9-1
Added Pin To Net: NetName=NetQ2_1 Pin=R10-1
Added Net: Name=NetQ2_1
Added Pin To Net: NetName=OSC32_IN Pin=C18-1
Added Pin To Net: NetName=OSC32_IN Pin=X1-2
Added Net: Name=OSC32_IN
Added Pin To Net: NetName=OSC32_OUT Pin=C19-2
Added Pin To Net: NetName=OSC32_OUT Pin=X1-1
Added Net: Name=OSC32_OUT
Added Net: Name=OSC_IN
Added Net: Name=OSC_OUT
Added Pin To Net: NetName=RS485_DIR Pin=P1-3
Added Net: Name=RS485_DIR
Added Pin To Net: NetName=RS485_RX Pin=P1-1
Added Net: Name=RS485_RX
Added Pin To Net: NetName=RS485_TX Pin=P1-5
Added Net: Name=RS485_TX
Added Pin To Net: NetName=VBAT Pin=B1-1
Added Pin To Net: NetName=VBAT Pin=C6-2
Added Pin To Net: NetName=VBAT Pin=R4-1
Added Net: Name=VBAT
Added Pin To Net: NetName=VCC12 Pin=BP1-1
Added Pin To Net: NetName=VCC12 Pin=P2-2
Added Pin To Net: NetName=VCC12 Pin=R5-1
Added Net: Name=VCC12
Added Class: Name=Sheet1
Added Member To Class: ClassName=MCU Member=Component B1 MS621
Added Member To Class: ClassName=连接 Member=Component C1 10uF/25V
Added Member To Class: ClassName=连接 Member=Component C2 22uF/10V
Added Member To Class: ClassName=连接 Member=Component C3 104/10V
Added Member To Class: ClassName=MCU Member=Component C4 104
Added Member To Class: ClassName=MCU Member=Component C6 0.1uF/10V/0603
Added Member To Class: ClassName=MCU Member=Component C7 0.1uF
Added Member To Class: ClassName=MCU Member=Component C8 0.1uF
Added Member To Class: ClassName=MCU Member=Component C9 0.1uF
Added Member To Class: ClassName=MCU Member=Component C10 0.1uF
Added Member To Class: ClassName=MCU Member=Component C11 4.7uF/10V/0603
Added Member To Class: ClassName=MCU Member=Component C12 10nF/10V/0603
Added Member To Class: ClassName=MCU Member=Component C13 104
Added Member To Class: ClassName=MCU Member=Component C14 1uF/10V/0603
Added Member To Class: ClassName=MCU Member=Component C15 0.1uF/10V/0603
Added Member To Class: ClassName=MCU Member=Component C16 10nF/10V/0603
Added Member To Class: ClassName=MCU Member=Component C17 1uF/10V/0603
Added Member To Class: ClassName=MCU Member=Component C18 10pF
Added Member To Class: ClassName=MCU Member=Component C19 10pF
Added Member To Class: ClassName=MCU Member=Component C20 20pF
Added Member To Class: ClassName=MCU Member=Component C21 0.1uF
Added Member To Class: ClassName=MCU Member=Component C22 20pF
Added Member To Class: ClassName=MCU Member=Component D1 SS14
Added Member To Class: ClassName=连接 Member=Component P1 Header 3X2
Added Member To Class: ClassName=连接 Member=Component P2 Header 3X2
Added Member To Class: ClassName=MCU Member=Component P3 Header 4
Added Member To Class: ClassName=连接 Member=Component P5 Header 3X2
Added Member To Class: ClassName=连接 Member=Component P6 Header 4X2
Added Member To Class: ClassName=MCU Member=Component R4 470R/5%
Added Member To Class: ClassName=MCU Member=Component R5 9K/1%/0603
Added Member To Class: ClassName=MCU Member=Component R11 3K/1%/0603
Added Member To Class: ClassName=MCU Member=Component R12 10K/5%/0603
Added Member To Class: ClassName=MCU Member=Component R13 10K/5%/0603
Added Member To Class: ClassName=MCU Member=Component R14 10K/5%/0603
Added Member To Class: ClassName=MCU Member=Component R16 4.7K/5%/0603
Added Member To Class: ClassName=MCU Member=Component R17 4.7K/5%/0603
Add Class Member: Failed to add class member : Component U1 *
Added Member To Class: ClassName=MCU Member=Component U2 CAT823ZTDI-GT3
Added Member To Class: ClassName=MCU Member=Component U3 BL24C16A-SFRC
Added Member To Class: ClassName=MCU Member=Component X1 32.768K
Added Member To Class: ClassName=MCU Member=Component Y1 8MHz无源
