Added Component: Designator=C1(0603R)
Added Component: Designator=C2(0805R)
Add component (AddParameter): Name = "LatestRevisionDate"; Value = "17-Jul-2002"; VariantName = "[No Variations]"
Add component (AddParameter): Name = "LatestRevisionNote"; Value = "Re-released for DXP Platform."; VariantName = "[No Variations]"
Add component (AddParameter): Name = "PackageDescription"; Value = "Polarized Capacitor (Radial); 2 Leads"; VariantName = "[No Variations]"
Add component (AddParameter): Name = "PackageReference"; Value = "RB7.6-15"; VariantName = "[No Variations]"
Add component (AddParameter): Name = "Published"; Value = "8-Jun-2000"; VariantName = "[No Variations]"
Add component (AddParameter): Name = "Publisher"; Value = "Altium Limited"; VariantName = "[No Variations]"
Added Component: Designator=C3(0603R)
Added Component: Designator=C8(0603r)
Added Component: Designator=C9(0603R)
Added Component: Designator=C10(0603R)
Added Component: Designator=C11(0603R)
Added Component: Designator=C12(0603r)
Added Component: Designator=C13(0603R)
Added Component: Designator=C14(0603R)
Added Component: Designator=C15(0603R)
Added Component: Designator=C16(0603r)
Added Component: Designator=C17(0603R)
Added Component: Designator=C18(0603R)
Added Component: Designator=C19(0603r)
Added Component: Designator=C20(0603R)
Added Component: Designator=C21(0603R)
Added Component: Designator=C?(0603R)
Added Component: Designator=C?(0603R)
Added Component: Designator=D1(DO-214AC)
Added Component: Designator=J1(贴片焊盘V1（3*2椭圆）)
Added Component: Designator=J2(贴片焊盘V1（3*2椭圆）)
Added Component: Designator=L2(贴片电感5020)
Add component (AddParameter): Name = "Code_IEC"; Value = "1005"; VariantName = "[No Variations]"
Add component (AddParameter): Name = "Code_JEITA"; Value = "0402"; VariantName = "[No Variations]"
Add component (AddParameter): Name = "LatestRevisionDate"; Value = "29-May-2009"; VariantName = "[No Variations]"
Add component (AddParameter): Name = "LatestRevisionNote"; Value = "IPC-7351 Footprint Added."; VariantName = "[No Variations]"
Add component (AddParameter): Name = "PackageDescription"; Value = "Chip Inductor"; VariantName = "[No Variations]"
Add component (AddParameter): Name = "PackageReference"; Value = "0402-A"; VariantName = "[No Variations]"
Add component (AddParameter): Name = "Published"; Value = "8-Jun-2000"; VariantName = "[No Variations]"
Add component (AddParameter): Name = "Publisher"; Value = "Altium Limited"; VariantName = "[No Variations]"
Added Component: Designator=L3(贴片电感5020)
Add component (AddParameter): Name = "Code_IEC"; Value = "1005"; VariantName = "[No Variations]"
Add component (AddParameter): Name = "Code_JEITA"; Value = "0402"; VariantName = "[No Variations]"
Add component (AddParameter): Name = "LatestRevisionDate"; Value = "29-May-2009"; VariantName = "[No Variations]"
Add component (AddParameter): Name = "LatestRevisionNote"; Value = "IPC-7351 Footprint Added."; VariantName = "[No Variations]"
Add component (AddParameter): Name = "PackageDescription"; Value = "Chip Inductor"; VariantName = "[No Variations]"
Add component (AddParameter): Name = "PackageReference"; Value = "0402-A"; VariantName = "[No Variations]"
Add component (AddParameter): Name = "Published"; Value = "8-Jun-2000"; VariantName = "[No Variations]"
Add component (AddParameter): Name = "Publisher"; Value = "Altium Limited"; VariantName = "[No Variations]"
Added Component: Designator=LED1(LED0805)
Added Component: Designator=LED2(LED0805)
Added Component: Designator=LED3(LED0805)
Added Component: Designator=P1(HDR2X5)
Add component (AddParameter): Name = "LatestRevisionDate"; Value = "17-Jul-2002"; VariantName = "[No Variations]"
Add component (AddParameter): Name = "LatestRevisionNote"; Value = "Re-released for DXP Platform."; VariantName = "[No Variations]"
Add component (AddParameter): Name = "Publisher"; Value = "Altium Limited"; VariantName = "[No Variations]"
Added Component: Designator=R1(0603R)
Add component (AddParameter): Name = "LatestRevisionDate"; Value = "17-Jul-2002"; VariantName = "[No Variations]"
Add component (AddParameter): Name = "LatestRevisionNote"; Value = "Re-released for DXP Platform."; VariantName = "[No Variations]"
Add component (AddParameter): Name = "PackageDescription"; Value = "Axial Device, Thru-Hole; 2 Leads; 0.4 in Pin Spacing"; VariantName = "[No Variations]"
Add component (AddParameter): Name = "PackageReference"; Value = "AXIAL-0.4"; VariantName = "[No Variations]"
Add component (AddParameter): Name = "Published"; Value = "8-Jun-2000"; VariantName = "[No Variations]"
Add component (AddParameter): Name = "Publisher"; Value = "Altium Limited"; VariantName = "[No Variations]"
Add component (AddParameter): Name = "Value"; Value = "1K"; VariantName = "[No Variations]"
Added Component: Designator=R2(0603R)
Add component (AddParameter): Name = "LatestRevisionDate"; Value = "17-Jul-2002"; VariantName = "[No Variations]"
Add component (AddParameter): Name = "LatestRevisionNote"; Value = "Re-released for DXP Platform."; VariantName = "[No Variations]"
Add component (AddParameter): Name = "PackageDescription"; Value = "Axial Device, Thru-Hole; 2 Leads; 0.4 in Pin Spacing"; VariantName = "[No Variations]"
Add component (AddParameter): Name = "PackageReference"; Value = "AXIAL-0.4"; VariantName = "[No Variations]"
Add component (AddParameter): Name = "Published"; Value = "8-Jun-2000"; VariantName = "[No Variations]"
Add component (AddParameter): Name = "Publisher"; Value = "Altium Limited"; VariantName = "[No Variations]"
Add component (AddParameter): Name = "Value"; Value = "1K"; VariantName = "[No Variations]"
Added Component: Designator=R3(0603R)
Add component (AddParameter): Name = "LatestRevisionDate"; Value = "17-Jul-2002"; VariantName = "[No Variations]"
Add component (AddParameter): Name = "LatestRevisionNote"; Value = "Re-released for DXP Platform."; VariantName = "[No Variations]"
Add component (AddParameter): Name = "PackageDescription"; Value = "Axial Device, Thru-Hole; 2 Leads; 0.4 in Pin Spacing"; VariantName = "[No Variations]"
Add component (AddParameter): Name = "PackageReference"; Value = "AXIAL-0.4"; VariantName = "[No Variations]"
Add component (AddParameter): Name = "Published"; Value = "8-Jun-2000"; VariantName = "[No Variations]"
Add component (AddParameter): Name = "Publisher"; Value = "Altium Limited"; VariantName = "[No Variations]"
Add component (AddParameter): Name = "Value"; Value = "1K"; VariantName = "[No Variations]"
Added Component: Designator=R4(0603R)
Added Component: Designator=R5(0603R)
Added Component: Designator=R6(0603R)
Added Component: Designator=R7(0603R)
Added Component: Designator=R8(0603R)
Added Component: Designator=R9(0603R)
Added Component: Designator=S?(4.5*4.5贴片4脚独立按键)
Add Component: Footprint Not Found QFN-32_L4.0-W4.0-P0.40-TL-EP2.8
Added Component: Designator=U2(SOT-23-6)
Add component (AddParameter): Name = "Add into BOM"; Value = "yes"; VariantName = "[No Variations]"
Add component (AddParameter): Name = "Convert to PCB"; Value = "yes"; VariantName = "[No Variations]"
Add component (AddParameter): Name = "Datasheet"; Value = "https://atta.szlcsc.com/upload/public/pdf/source/20190920/C431145_DEC39E836DB2A2F1462A8BB350F12ABB.pdf"; VariantName = "[No Variations]"
Add component (AddParameter): Name = "Device"; Value = "BL8023HCB6TR"; VariantName = "[No Variations]"
Add component (AddParameter): Name = "JLCPCB Part Class"; Value = "Extended Part"; VariantName = "[No Variations]"
Add component (AddParameter): Name = "LCSC Part Name"; Value = "BL8023HCB6TR 继电器驱动芯片 停产"; VariantName = "[No Variations]"
Add component (AddParameter): Name = "Manufacturer"; Value = "BL(上海贝岭)"; VariantName = "[No Variations]"
Add component (AddParameter): Name = "Manufacturer Part"; Value = "BL8023HCB6TR"; VariantName = "[No Variations]"
Add component (AddParameter): Name = "Name"; Value = ""; VariantName = "[No Variations]"
Add component (AddParameter): Name = "Supplier"; Value = "LCSC"; VariantName = "[No Variations]"
Add component (AddParameter): Name = "Supplier Footprint"; Value = "SOT-23-6"; VariantName = "[No Variations]"
Add component (AddParameter): Name = "Supplier Part"; Value = "C431145"; VariantName = "[No Variations]"
Add component (AddParameter): Name = "Symbol"; Value = "BL8023HCB6TR"; VariantName = "[No Variations]"
Added Component: Designator=U?(SOT-23-5)
Added Component: Designator=X1(Y3215)
Added Component: Designator=Y1(3225)
Added Pin To Net: NetName=VCC33 Pin=C1-2
Added Pin To Net: NetName=VCC33 Pin=C2-1
Added Pin To Net: NetName=VCC33 Pin=C3-2
Added Pin To Net: NetName=VCC33 Pin=C17-2
Added Pin To Net: NetName=VCC33 Pin=C18-2
Added Pin To Net: NetName=VCC12 Pin=C20-2
Added Pin To Net: NetName=VCC12 Pin=C21-2
Added Pin To Net: NetName=VCC33 Pin=C?-2
Added Pin To Net: NetName=VCC33 Pin=D1-1
Added Pin To Net: NetName=VCC3.8 Pin=D1-2
Added Pin To Net: NetName=Relay_O_A Pin=J1-1
Added Pin To Net: NetName=Relay_O_B Pin=J2-1
Added Pin To Net: NetName=VCC3.8 Pin=P1-1
Added Pin To Net: NetName=4G_MCU_TXD Pin=P1-3
Added Pin To Net: NetName=4G_MCU_RXD Pin=P1-4
Added Pin To Net: NetName=4G_Reset Pin=P1-5
Added Pin To Net: NetName=Relay_C_B Pin=P1-6
Added Pin To Net: NetName=Relay_C_A Pin=P1-7
Added Pin To Net: NetName=BL0942_Control Pin=P1-8
Added Pin To Net: NetName=BL0942_RXD Pin=P1-9
Added Pin To Net: NetName=BL0942_TXD Pin=P1-10
Added Pin To Net: NetName=VCC33 Pin=R1-1
Added Pin To Net: NetName=VCC33 Pin=R2-1
Added Pin To Net: NetName=VCC33 Pin=R3-1
Added Pin To Net: NetName=VCC33 Pin=R4-1
Added Pin To Net: NetName=VCC33 Pin=R5-1
Added Pin To Net: NetName=Relay_C_B Pin=R8-1
Added Pin To Net: NetName=Relay_C_A Pin=R9-2
Add Pin To Net: Unknown Pin: Pin U1-1
Add Pin To Net: Unknown Pin: Pin U1-2
Add Pin To Net: Unknown Pin: Pin U1-13
Add Pin To Net: Unknown Pin: Pin U1-14
Add Pin To Net: Unknown Pin: Pin U1-15
Add Pin To Net: Unknown Pin: Pin U1-16
Add Pin To Net: Unknown Pin: Pin U1-17
Add Pin To Net: Unknown Pin: Pin U1-18
Add Pin To Net: Unknown Pin: Pin U1-22
Added Pin To Net: NetName=Relay_O_B Pin=U2-1
Added Pin To Net: NetName=Relay_O_A Pin=U2-4
Added Pin To Net: NetName=VCC12 Pin=U2-5
Added Pin To Net: NetName=VCC33 Pin=U?-5
Added Pin To Net: NetName=Dog_WDI Pin=U?-4
Added Net: Name=Dog_WDI
Added Pin To Net: NetName=GND Pin=C1-1
Added Pin To Net: NetName=GND Pin=C2-2
Added Pin To Net: NetName=GND Pin=C3-1
Added Pin To Net: NetName=GND Pin=C8-1
Added Pin To Net: NetName=GND Pin=C9-1
Added Pin To Net: NetName=GND Pin=C10-1
Added Pin To Net: NetName=GND Pin=C11-1
Added Pin To Net: NetName=GND Pin=C12-1
Added Pin To Net: NetName=GND Pin=C13-1
Added Pin To Net: NetName=GND Pin=C14-1
Added Pin To Net: NetName=GND Pin=C15-1
Added Pin To Net: NetName=GND Pin=C16-2
Added Pin To Net: NetName=GND Pin=C17-1
Added Pin To Net: NetName=GND Pin=C18-1
Added Pin To Net: NetName=GND Pin=C19-1
Added Pin To Net: NetName=GND Pin=C20-1
Added Pin To Net: NetName=GND Pin=C21-1
Added Pin To Net: NetName=GND Pin=C?-1
Added Pin To Net: NetName=GND Pin=C?-2
Added Pin To Net: NetName=GND Pin=P1-2
Added Pin To Net: NetName=GND Pin=R6-1
Added Pin To Net: NetName=GND Pin=R7-1
Added Pin To Net: NetName=GND Pin=S?-2
Added Pin To Net: NetName=GND Pin=S?-2
Added Pin To Net: NetName=GND Pin=U2-2
Added Pin To Net: NetName=GND Pin=U?-2
Added Pin To Net: NetName=GND Pin=Y1-2
Added Pin To Net: NetName=GND Pin=Y1-4
Added Net: Name=GND
Added Pin To Net: NetName=Key_button Pin=C?-1
Added Pin To Net: NetName=Key_button Pin=S?-1
Added Pin To Net: NetName=Key_button Pin=S?-1
Added Net: Name=Key_button
Added Pin To Net: NetName=LED_Gate Pin=LED1-2
Added Net: Name=LED_Gate
Added Pin To Net: NetName=LED_NET Pin=LED2-2
Added Net: Name=LED_NET
Added Pin To Net: NetName=LED_RUN Pin=LED3-2
Added Net: Name=LED_RUN
Added Net: Name=LPUART_RXD
Added Net: Name=LPUART_TXD
Added Pin To Net: NetName=MCU_RESET Pin=C11-2
Added Pin To Net: NetName=MCU_RESET Pin=R5-2
Added Pin To Net: NetName=MCU_RESET Pin=U?-1
Added Net: Name=MCU_RESET
Added Pin To Net: NetName=NetC9_2 Pin=C9-2
Added Pin To Net: NetName=NetC9_2 Pin=R4-2
Added Net: Name=NetC9_2
Added Pin To Net: NetName=NetC10_2 Pin=C10-2
Added Pin To Net: NetName=NetC10_2 Pin=C13-2
Added Pin To Net: NetName=NetC10_2 Pin=L3-2
Added Net: Name=NetC10_2
Added Pin To Net: NetName=NetC14_2 Pin=C14-2
Added Pin To Net: NetName=NetC14_2 Pin=C15-2
Added Net: Name=NetC14_2
Added Pin To Net: NetName=NetL2_1 Pin=L2-1
Added Net: Name=NetL2_1
Added Pin To Net: NetName=NetL2_2 Pin=L2-2
Added Net: Name=NetL2_2
Added Pin To Net: NetName=NetL3_1 Pin=L3-1
Added Net: Name=NetL3_1
Added Pin To Net: NetName=NetLED1_1 Pin=LED1-1
Added Pin To Net: NetName=NetLED1_1 Pin=R1-2
Added Net: Name=NetLED1_1
Added Pin To Net: NetName=NetLED2_1 Pin=LED2-1
Added Pin To Net: NetName=NetLED2_1 Pin=R2-2
Added Net: Name=NetLED2_1
Added Pin To Net: NetName=NetLED3_1 Pin=LED3-1
Added Pin To Net: NetName=NetLED3_1 Pin=R3-2
Added Net: Name=NetLED3_1
Added Pin To Net: NetName=NetR6_2 Pin=R6-2
Added Pin To Net: NetName=NetR6_2 Pin=R8-2
Added Pin To Net: NetName=NetR6_2 Pin=U2-6
Added Net: Name=NetR6_2
Added Pin To Net: NetName=NetR7_2 Pin=R7-2
Added Pin To Net: NetName=NetR7_2 Pin=R9-1
Added Pin To Net: NetName=NetR7_2 Pin=U2-3
Added Net: Name=NetR7_2
Added Net: Name=SWCLK
Added Net: Name=SWDIO
Added Pin To Net: NetName=XIN_32K Pin=C16-1
Added Pin To Net: NetName=XIN_32K Pin=X1-2
Added Net: Name=XIN_32K
Added Pin To Net: NetName=XO32MP_IN Pin=C8-2
Added Pin To Net: NetName=XO32MP_IN Pin=Y1-3
Added Net: Name=XO32MP_IN
Added Pin To Net: NetName=XO32MP_OUT Pin=C12-2
Added Pin To Net: NetName=XO32MP_OUT Pin=Y1-1
Added Net: Name=XO32MP_OUT
Added Pin To Net: NetName=XOUT_32K Pin=C19-2
Added Pin To Net: NetName=XOUT_32K Pin=X1-1
Added Net: Name=XOUT_32K
Added Class: Name=MCU
Added Class: Name=显示
Added Member To Class: ClassName=连接 Member=Component C1 10uF/25V
Added Member To Class: ClassName=连接 Member=Component C2 47uF/10V
Added Member To Class: ClassName=连接 Member=Component C3 104/10V
Added Member To Class: ClassName=连接 Member=Component D1 SS34
Added Member To Class: ClassName=连接 Member=Component P1 Header 5X2
