*** Using Compiler 'V5.05 update 1 (build 106)', folder: 'C:\Keil_v5\ARM\ARMCC\Bin'
Rebuild target 'N32G45x'
assembling startup_n32g45x.s...
compiling n32g45x_bkp.c...
compiling n32g45x_flash.c...
compiling n32g45x_pwr.c...
compiling n32g45x_adc.c...
compiling misc.c...
compiling system_n32g45x.c...
compiling n32g45x_usart.c...
compiling n32g45x_gpio.c...
compiling n32g45x_rcc.c...
compiling n32g45x_rtc.c...
compiling n32g45x_tim.c...
compiling log.c...
compiling n32g45x_exti.c...
compiling n32g45x_it.c...
compiling V_Timer.c...
compiling bsp.c...
compiling typechange.c...
compiling main.c...
compiling RTC.c...
compiling usart.c...
compiling TFT.c...
compiling delay.c...
compiling Key.c...
compiling CircularQueue.c...
compiling BL0942.c...
compiling Modbus.c...
compiling RS485.c...
compiling Relay.c...
compiling MQTT.c...
compiling Nbiot.c...
compiling LCD_Display.c...
compiling EPROM.c...
compiling protection.c...
linking...
Program Size: Code=36998 RO-data=11102 RW-data=736 ZI-data=26216  
FromELF: creating hex file...
After Build - User command #1: fromelf --bin --output=.\bin\bmHttpServer.bin .\Objects\bmHttpServer.axf
".\Objects\bmHttpServer.axf" - 0 Error(s), 0 Warning(s).
Build Time Elapsed:  00:00:08
