Removed Pin From Net: NetName=VCC12 Pin=C1-1
Removed Pin From Net: NetName=GND Pin=C1-2
Removed Pin From Net: NetName=GND Pin=C2-1
Removed Pin From Net: NetName=VCC12 Pin=C2-2
Removed Pin From Net: NetName=Nin Pin=RV1-2
Removed Pin From Net: NetName=Nin Pin=U1-2
Removed Pin From Net: NetName=Nin Pin=U1-2
Removed Pin From Net: NetName=GND Pin=U1-4
Removed Pin From Net: NetName=GND Pin=U1-4
Removed Pin From Net: NetName=GND Pin=U1-4
Removed Pin From Net: NetName=VCC12 Pin=U1-5
Removed Pin From Net: NetName=VCC12 Pin=U1-5
Removed Member From Class: ClassName=Power Member=C1
Removed Member From Class: ClassName=Power Member=C2
Removed Member From Class: ClassName=Power Member=R1
Removed Member From Class: ClassName=Power Member=RV1
Removed Member From Class: ClassName=Power Member=U1
Change Footprint: Cannot match pads with new footprint in component :U2 Footprint:X1071
Change Footprint: Footprint Not Found SOT-23-6_L2.9-W1.6-P0.95-LS2.8-BL
Add Component: Footprint Not Found SSOP-10_L4.9-W3.9-P1.00-LS6.0-BL
Add Pin To Net: Unknown Pin: Pin U5-1
Add Pin To Net: Unknown Pin: Pin U5-2
Add Pin To Net: Unknown Pin: Pin U5-3
Add Pin To Net: Unknown Pin: Pin U5-4
Add Pin To Net: Unknown Pin: Pin U5-5
Add Pin To Net: Unknown Pin: Pin U5-6
Add Pin To Net: Unknown Pin: Pin U5-8
Add Pin To Net: Unknown Pin: Pin U5-9
Add Pin To Net: Unknown Pin: Pin U5-10
Add Class Member: Failed to add class member : Component U5 BL0942
