Change Footprint: Footprint Not Found QFN-32_L4.0-W4.0-P0.40-TL-EP2.8
Added Component: Designator=C6(0603R)
Added Component: Designator=C7(0603R)
Added Component: Designator=C20(0603R)
Added Component: Designator=C21(0603R)
Added Component: Designator=C22(0603R)
Added Component: Designator=C23(0603R)
Added Component: Designator=C24(0603R)
Added Component: Designator=D1(1206D)
Added Component: Designator=LCD1(OLED0.96 ˿ӡ)
Added Component: Designator=R12(0603R)
Added Component: Designator=R13(0603R)
Added Component: Designator=R14(0603R)
Added Component: Designator=R15(0603R)
Added Component: Designator=R16(0603R)
Added Component: Designator=R17(0603R)
Added Pin To Net: NetName=GND Pin=C20-1
Added Pin To Net: NetName=VCC33 Pin=C20-2
Added Pin To Net: NetName=GND Pin=C21-1
Added Pin To Net: NetName=VCC33 Pin=C21-2
Added Pin To Net: NetName=GND Pin=C22-1
Added Pin To Net: NetName=GND Pin=C23-2
Added Pin To Net: NetName=GND Pin=C24-2
Added Pin To Net: NetName=VCC33 Pin=D1-1
Added Pin To Net: NetName=GND Pin=LCD1-1
Added Pin To Net: NetName=VCC33 Pin=LCD1-6
Added Pin To Net: NetName=GND Pin=LCD1-8
Added Pin To Net: NetName=VCC33 Pin=LCD1-9
Added Pin To Net: NetName=GND Pin=LCD1-10
Added Pin To Net: NetName=VCC33 Pin=LCD1-11
Added Pin To Net: NetName=GND Pin=LCD1-12
Added Pin To Net: NetName=GND Pin=LCD1-13
Added Pin To Net: NetName=GND Pin=LCD1-16
Added Pin To Net: NetName=GND Pin=LCD1-17
Added Pin To Net: NetName=GND Pin=LCD1-21
Added Pin To Net: NetName=GND Pin=LCD1-22
Added Pin To Net: NetName=GND Pin=LCD1-23
Added Pin To Net: NetName=GND Pin=LCD1-24
Added Pin To Net: NetName=GND Pin=LCD1-25
Added Pin To Net: NetName=GND Pin=LCD1-29
Added Pin To Net: NetName=GND Pin=LCD1-30
Added Pin To Net: NetName=VCC33 Pin=R12-1
Added Pin To Net: NetName=VCC33 Pin=R13-1
Added Pin To Net: NetName=GND Pin=R14-2
Added Pin To Net: NetName=VCC33 Pin=R15-2
Added Pin To Net: NetName=VCC33 Pin=R16-2
Added Pin To Net: NetName=GND Pin=R17-1
Added Pin To Net: NetName=LCD_SCL Pin=LCD1-18
Added Pin To Net: NetName=LCD_SCL Pin=R16-1
Added Pin To Net: NetName=LCD_SCL Pin=U1-31
Added Net: Name=LCD_SCL
Added Pin To Net: NetName=LCD_SDA Pin=LCD1-19
Added Pin To Net: NetName=LCD_SDA Pin=LCD1-20
Added Pin To Net: NetName=LCD_SDA Pin=R15-1
Added Pin To Net: NetName=LCD_SDA Pin=U1-21
Added Net: Name=LCD_SDA
Added Pin To Net: NetName=NetC6_1 Pin=C6-1
Added Pin To Net: NetName=NetC6_1 Pin=LCD1-5
Added Net: Name=NetC6_1
Added Pin To Net: NetName=NetC6_2 Pin=C6-2
Added Pin To Net: NetName=NetC6_2 Pin=LCD1-4
Added Net: Name=NetC6_2
Added Pin To Net: NetName=NetC7_1 Pin=C7-1
Added Pin To Net: NetName=NetC7_1 Pin=LCD1-3
Added Net: Name=NetC7_1
Added Pin To Net: NetName=NetC7_2 Pin=C7-2
Added Pin To Net: NetName=NetC7_2 Pin=LCD1-2
Added Net: Name=NetC7_2
Added Pin To Net: NetName=NetC22_2 Pin=C22-2
Added Pin To Net: NetName=NetC22_2 Pin=D1-2
Added Pin To Net: NetName=NetC22_2 Pin=LCD1-14
Added Pin To Net: NetName=NetC22_2 Pin=R12-2
Added Net: Name=NetC22_2
Added Pin To Net: NetName=NetC23_1 Pin=C23-1
Added Pin To Net: NetName=NetC23_1 Pin=LCD1-27
Added Net: Name=NetC23_1
Added Pin To Net: NetName=NetC24_1 Pin=C24-1
Added Pin To Net: NetName=NetC24_1 Pin=LCD1-28
Added Net: Name=NetC24_1
Added Pin To Net: NetName=NetLCD1_15 Pin=LCD1-15
Added Pin To Net: NetName=NetLCD1_15 Pin=R13-2
Added Pin To Net: NetName=NetLCD1_15 Pin=R14-1
Added Net: Name=NetLCD1_15
Added Pin To Net: NetName=NetLCD1_26 Pin=LCD1-26
Added Pin To Net: NetName=NetLCD1_26 Pin=R17-2
Added Net: Name=NetLCD1_26
Added Class: Name=OLED0.96
