*** Using Compiler 'V5.05 update 1 (build 106)', folder: 'C:\Keil_v5\ARM\ARMCC\Bin'
Rebuild target 'N32G45x'
assembling startup_n32g45x.s...
compiling misc.c...
compiling n32g45x_it.c...
compiling main.c...
..\USR\TFT.h(4): warning:  #1-D: last line of file ends without a newline
  #endif
..\src\main.c: 1 warning, 0 errors
compiling system_n32g45x.c...
compiling n32g45x_flash.c...
compiling bsp.c...
..\USR\TFT.h(4): warning:  #1-D: last line of file ends without a newline
  #endif
..\USR\bsp.c: 1 warning, 0 errors
compiling n32g45x_usart.c...
compiling n32g45x_gpio.c...
compiling n32g45x_rcc.c...
compiling n32g45x_adc.c...
compiling n32g45x_tim.c...
compiling V_Timer.c...
..\USR\TFT.h(4): warning:  #1-D: last line of file ends without a newline
  #endif
..\USR\V_Timer.c: 1 warning, 0 errors
compiling log.c...
compiling usart.c...
..\USR\TFT.h(4): warning:  #1-D: last line of file ends without a newline
  #endif
..\USR\usart.c: 1 warning, 0 errors
compiling typechange.c...
..\USR\TFT.h(4): warning:  #1-D: last line of file ends without a newline
  #endif
..\USR\typechange.c: 1 warning, 0 errors
compiling TFT.c...
..\USR\TFT.c(1): warning:  #1-D: last line of file ends without a newline
  #include "BSP.h"
..\USR\TFT.h(4): warning:  #1-D: last line of file ends without a newline
  #endif
..\USR\TFT.c: 2 warnings, 0 errors
linking...
Program Size: Code=10052 RO-data=724 RW-data=16 ZI-data=62664  
FromELF: creating hex file...
After Build - User command #1: fromelf --bin --output=.\bin\bmHttpServer.bin .\Objects\bmHttpServer.axf
".\Objects\bmHttpServer.axf" - 0 Error(s), 7 Warning(s).
Build Time Elapsed:  00:00:03
