Removed Pin From Net: NetName=Lin Pin=C13-1
Removed Pin From Net: NetName=Lin Pin=C14-1
Removed Pin From Net: NetName=Lin Pin=C15-2
Removed Pin From Net: NetName=Lin Pin=C16-2
Removed Pin From Net: NetName=Lin Pin=C17-2
Removed Pin From Net: NetName=Lin Pin=J4-1
Removed Pin From Net: NetName=Lin Pin=R20-1
Removed Pin From Net: NetName=Lin Pin=RV1-2
Removed Pin From Net: NetName=Lin Pin=U2-1
Removed Pin From Net: NetName=Lin Pin=U5-5
Added Component: Designator=C1(0805R)
Added Component: Designator=C2(0805R)
Added Component: Designator=D1(DO-214AC)
Added Component: Designator=U1(B1205S-1WR3)
Added Pin To Net: NetName=Lin Pin=C1-2
Added Pin To Net: NetName=VCC33 Pin=C2-1
Added Pin To Net: NetName=VCC3.8 Pin=D1-2
Added Pin To Net: NetName=Lin Pin=U1-1
Added Pin To Net: NetName=VCC33 Pin=U1-4
Change Net Name : Old Net Name=Lin New Net Name=GND
Change Net Name : Old Net Name=VCC33 New Net Name=VCC33_G
Added Pin To Net: NetName=Lin Pin=C2-2
Added Pin To Net: NetName=Lin Pin=C13-1
Added Pin To Net: NetName=Lin Pin=C14-1
Added Pin To Net: NetName=Lin Pin=C15-2
Added Pin To Net: NetName=Lin Pin=C16-2
Added Pin To Net: NetName=Lin Pin=C17-2
Added Pin To Net: NetName=Lin Pin=J4-1
Added Pin To Net: NetName=Lin Pin=R20-1
Added Pin To Net: NetName=Lin Pin=RV1-2
Added Pin To Net: NetName=Lin Pin=U1-3
Added Pin To Net: NetName=Lin Pin=U2-1
Added Pin To Net: NetName=Lin Pin=U5-5
Added Net: Name=Lin
Added Pin To Net: NetName=NetC1_1 Pin=C1-1
Added Pin To Net: NetName=NetC1_1 Pin=D1-1
Added Pin To Net: NetName=NetC1_1 Pin=U1-2
Added Net: Name=NetC1_1
Added Member To Class: ClassName=计量 Member=Component C1 4.7uF/25V
Added Member To Class: ClassName=计量 Member=Component C2 10uF/25V
Added Member To Class: ClassName=计量 Member=Component D1 SS34
Added Member To Class: ClassName=计量 Member=Component U1 B0303S
