Added Component: Designator=C24(0603R)
Added Component: Designator=C25(0603R)
Added Component: Designator=C31(0603R)
Added Component: Designator=C32(0603R)
Added Component: Designator=C33(0603R)
Added Component: Designator=C34(0603R)
Added Component: Designator=C35(0603R)
Added Component: Designator=C36(0603R)
Added Component: Designator=C37(0603R)
Added Component: Designator=D1(1206D)
Added Component: Designator=D2(1206D)
Added Component: Designator=J7(Ã˘∆¨∫∏≈ÃV1£®3*2Õ÷‘≤£©)
Added Component: Designator=J8(Ã˘∆¨∫∏≈ÃV1£®3*2Õ÷‘≤£©)
Added Component: Designator=R1(0603r)
Added Component: Designator=R12(0603r)
Added Component: Designator=R25(0603r)
Added Component: Designator=R33(0805R)
Added Component: Designator=R34(0603r)
Added Component: Designator=R35(0603r)
Added Component: Designator=R36(0603r)
Added Component: Designator=R37(0603r)
Added Component: Designator=R38(0603r)
Added Component: Designator=R39(0603r)
Added Component: Designator=R40(0603r)
Added Component: Designator=R41(0603r)
Added Component: Designator=R42(0805R)
Added Component: Designator=R43(0603r)
Added Component: Designator=R44(0603r)
Added Component: Designator=U8(SO8)
Added Component: Designator=U9(SOT-23-5)
Added Pin To Net: NetName=VCC33 Pin=C24-2
Added Pin To Net: NetName=VCC33 Pin=C25-2
Added Pin To Net: NetName=VCC33 Pin=C34-2
Added Pin To Net: NetName=VCC33 Pin=C35-2
Added Pin To Net: NetName=VCC33 Pin=D1-1
Added Pin To Net: NetName=GND Pin=R42-1
Added Pin To Net: NetName=VCC33 Pin=R43-1
Added Pin To Net: NetName=VCC33 Pin=U8-8
Added Pin To Net: NetName=VCC33 Pin=U9-5
Added Pin To Net: NetName=AGND Pin=C24-1
Added Pin To Net: NetName=AGND Pin=C25-1
Added Pin To Net: NetName=AGND Pin=C32-2
Added Pin To Net: NetName=AGND Pin=C33-2
Added Pin To Net: NetName=AGND Pin=C34-1
Added Pin To Net: NetName=AGND Pin=C35-1
Added Pin To Net: NetName=AGND Pin=C36-2
Added Pin To Net: NetName=AGND Pin=C37-2
Added Pin To Net: NetName=AGND Pin=D2-2
Added Pin To Net: NetName=AGND Pin=R38-2
Added Pin To Net: NetName=AGND Pin=R39-1
Added Pin To Net: NetName=AGND Pin=R40-1
Added Pin To Net: NetName=AGND Pin=R42-2
Added Pin To Net: NetName=AGND Pin=R44-2
Added Pin To Net: NetName=AGND Pin=U8-4
Added Pin To Net: NetName=AGND Pin=U9-2
Added Net: Name=AGND
Added Pin To Net: NetName=LoseCurrent Pin=C33-1
Added Pin To Net: NetName=LoseCurrent Pin=D1-2
Added Pin To Net: NetName=LoseCurrent Pin=D2-1
Added Pin To Net: NetName=LoseCurrent Pin=P1-2
Added Pin To Net: NetName=LoseCurrent Pin=R37-1
Added Net: Name=LoseCurrent
Added Pin To Net: NetName=NetC31_1 Pin=C31-1
Added Pin To Net: NetName=NetC31_1 Pin=R34-2
Added Pin To Net: NetName=NetC31_1 Pin=R39-2
Added Net: Name=NetC31_1
Added Pin To Net: NetName=NetC31_2 Pin=C31-2
Added Pin To Net: NetName=NetC31_2 Pin=R1-1
Added Pin To Net: NetName=NetC31_2 Pin=U9-4
Added Net: Name=NetC31_2
Added Pin To Net: NetName=NetC32_1 Pin=C32-1
Added Pin To Net: NetName=NetC32_1 Pin=R34-1
Added Pin To Net: NetName=NetC32_1 Pin=R35-2
Added Net: Name=NetC32_1
Added Pin To Net: NetName=NetC36_1 Pin=C36-1
Added Pin To Net: NetName=NetC36_1 Pin=R43-2
Added Pin To Net: NetName=NetC36_1 Pin=R44-1
Added Pin To Net: NetName=NetC36_1 Pin=U8-5
Added Net: Name=NetC36_1
Added Pin To Net: NetName=NetJ7_1 Pin=J7-1
Added Pin To Net: NetName=NetJ7_1 Pin=R12-1
Added Pin To Net: NetName=NetJ7_1 Pin=R33-2
Added Net: Name=NetJ7_1
Added Pin To Net: NetName=NetJ8_1 Pin=J8-1
Added Pin To Net: NetName=NetJ8_1 Pin=R33-1
Added Pin To Net: NetName=NetJ8_1 Pin=R36-2
Added Net: Name=NetJ8_1
Added Pin To Net: NetName=NetR1_2 Pin=R1-2
Added Pin To Net: NetName=NetR1_2 Pin=R12-2
Added Pin To Net: NetName=NetR1_2 Pin=U9-3
Added Net: Name=NetR1_2
Added Pin To Net: NetName=NetR25_2 Pin=R25-2
Added Pin To Net: NetName=NetR25_2 Pin=R35-1
Added Pin To Net: NetName=NetR25_2 Pin=U8-3
Added Net: Name=NetR25_2
Added Pin To Net: NetName=NetR36_1 Pin=R36-1
Added Pin To Net: NetName=NetR36_1 Pin=R40-2
Added Pin To Net: NetName=NetR36_1 Pin=U9-1
Added Net: Name=NetR36_1
Added Pin To Net: NetName=NetR37_2 Pin=R37-2
Added Pin To Net: NetName=NetR37_2 Pin=R41-1
Added Pin To Net: NetName=NetR37_2 Pin=U8-1
Added Net: Name=NetR37_2
Added Pin To Net: NetName=NetR38_1 Pin=R38-1
Added Pin To Net: NetName=NetR38_1 Pin=R41-2
Added Pin To Net: NetName=NetR38_1 Pin=U8-2
Added Net: Name=NetR38_1
Added Pin To Net: NetName=VDD_1.65V Pin=C37-1
Added Pin To Net: NetName=VDD_1.65V Pin=R25-1
Added Pin To Net: NetName=VDD_1.65V Pin=U8-6
Added Pin To Net: NetName=VDD_1.65V Pin=U8-7
Added Net: Name=VDD_1.65V
Added Class: Name=¬©µÁ¡˜ºÏ≤‚
