Removed Pin From Net: NetName=Nin Pin=C1-2
Removed Pin From Net: NetName=Nin Pin=C2-1
Removed Pin From Net: NetName=Nin Pin=C3-1
Removed Pin From Net: NetName=VCC12 Pin=C3-2
Removed Pin From Net: NetName=Nin Pin=C4-1
Removed Pin From Net: NetName=VCC33 Pin=C4-2
Removed Pin From Net: NetName=Nin Pin=C5-1
Removed Pin From Net: NetName=VCC33 Pin=C5-2
Removed Pin From Net: NetName=Nin Pin=C6-1
Removed Pin From Net: NetName=Nin Pin=C7-1
Removed Pin From Net: NetName=VCC12 Pin=C7-2
Removed Pin From Net: NetName=Nin Pin=C8-1
Removed Pin From Net: NetName=VCC12 Pin=C8-2
Removed Pin From Net: NetName=Nin Pin=C9-2
Removed Pin From Net: NetName=VCC33 Pin=C10-1
Removed Pin From Net: NetName=Nin Pin=C11-2
Removed Pin From Net: NetName=Nin Pin=C12-2
Removed Pin From Net: NetName=Nin Pin=C13-2
Removed Pin From Net: NetName=Nin Pin=C14-2
Removed Pin From Net: NetName=Nin Pin=C15-2
Removed Pin From Net: NetName=Nin Pin=C16-2
Removed Pin From Net: NetName=Nin Pin=C17-2
Removed Pin From Net: NetName=Nin Pin=C18-2
Removed Pin From Net: NetName=Lin Pin=J3-1
Removed Pin From Net: NetName=Relay_O_A Pin=J4-1
Removed Pin From Net: NetName=Relay_O_B Pin=J5-1
Removed Pin From Net: NetName=Nin Pin=Nin1-1
Removed Pin From Net: NetName=4G_Reset Pin=P3-4
Removed Pin From Net: NetName=Relay_C_A Pin=P3-12
Removed Pin From Net: NetName=Nin Pin=P3-13
Removed Pin From Net: NetName=VCC33 Pin=P3-14
Removed Pin From Net: NetName=Nin Pin=P4-1
Removed Pin From Net: NetName=VCC12 Pin=P5-1
Removed Pin From Net: NetName=Nin Pin=P5-2
Removed Pin From Net: NetName=4G_Reset Pin=P5-5
Removed Pin From Net: NetName=Nin Pin=R3-1
Removed Pin From Net: NetName=NetR2_2 Pin=R4-2
Removed Pin From Net: NetName=Nin Pin=R7-1
Removed Pin From Net: NetName=VCC33 Pin=R8-1
Removed Pin From Net: NetName=Lin Pin=R12-2
Removed Pin From Net: NetName=NetR12_1 Pin=R13-1
Removed Pin From Net: NetName=NetR16_1 Pin=R17-1
Removed Pin From Net: NetName=Nin Pin=R18-1
Removed Pin From Net: NetName=Nin Pin=R19-2
Removed Pin From Net: NetName=Nin Pin=RV1-2
Removed Pin From Net: NetName=Nin Pin=U1-2
Removed Pin From Net: NetName=Nin Pin=U1-2
Removed Pin From Net: NetName=Nin Pin=U1-4
Removed Pin From Net: NetName=Nin Pin=U1-4
Removed Pin From Net: NetName=Nin Pin=U1-4
Removed Pin From Net: NetName=Nin Pin=U2-1
Removed Pin From Net: NetName=VCC33 Pin=U2-2
Removed Pin From Net: NetName=VCC33 Pin=U2-2
Removed Pin From Net: NetName=VCC12 Pin=U2-3
Removed Pin From Net: NetName=VCC33 Pin=U4-1
Removed Pin From Net: NetName=Nin Pin=U4-11
Removed Pin From Net: NetName=Nin Pin=U4-24
Removed Pin From Net: NetName=Nin Pin=X1-2
Removed Pin From Net: NetName=VCC33 Pin=X1-4
Removed Member From Class: ClassName=Sheet1 Member=C1
Removed Member From Class: ClassName=Sheet1 Member=C2
Removed Member From Class: ClassName=Sheet1 Member=C3
Removed Member From Class: ClassName=Sheet1 Member=C4
Removed Member From Class: ClassName=Sheet1 Member=C5
Removed Member From Class: ClassName=Sheet1 Member=C6
Removed Member From Class: ClassName=Sheet1 Member=C7
Removed Member From Class: ClassName=Sheet1 Member=C8
Removed Member From Class: ClassName=Sheet1 Member=C9
Removed Member From Class: ClassName=Sheet1 Member=C10
Removed Member From Class: ClassName=Sheet1 Member=C11
Removed Member From Class: ClassName=Sheet1 Member=C12
Removed Member From Class: ClassName=Sheet1 Member=C18
Removed Member From Class: ClassName=Sheet1 Member=C19
Removed Member From Class: ClassName=Sheet1 Member=J1
Removed Member From Class: ClassName=Sheet1 Member=J2
Removed Member From Class: ClassName=Sheet1 Member=Nin1
Removed Member From Class: ClassName=Sheet1 Member=P3
Removed Member From Class: ClassName=Sheet1 Member=P4
Removed Member From Class: ClassName=Sheet1 Member=P5
Removed Member From Class: ClassName=Sheet1 Member=R1
Removed Member From Class: ClassName=Sheet1 Member=R2
Removed Member From Class: ClassName=Sheet1 Member=R3
Removed Member From Class: ClassName=Sheet1 Member=R4
Removed Member From Class: ClassName=Sheet1 Member=R5
Removed Member From Class: ClassName=Sheet1 Member=R6
Removed Member From Class: ClassName=Sheet1 Member=R7
Removed Member From Class: ClassName=Sheet1 Member=RV1
Removed Member From Class: ClassName=Sheet1 Member=U1
Removed Member From Class: ClassName=Sheet1 Member=U2
Removed Member From Class: ClassName=Sheet1 Member=U4
Removed Member From Class: ClassName=Sheet1 Member=X1
Change Component Footprint: Designator=C7 Old Footprint=0603R New Footprint=0805R
Change Component Footprint: Designator=C9 Old Footprint=0603R New Footprint=0805R
Change Component Footprint: Designator=R18 Old Footprint=0603R New Footprint=0805R
Change Component Footprint: Designator=R19 Old Footprint=0603R New Footprint=0805R
Change Component Footprint: Designator=C19 Old Footprint=0603R New Footprint=C1210
Change Component Footprint: Designator=C3 Old Footprint=0603R New Footprint=CAPPIND06
Change Component Footprint: Designator=R7 Old Footprint=0805R New Footprint=0603R
Change Component Footprint: Designator=R12 Old Footprint=0805R New Footprint=0603R
Change Component Footprint: Designator=R13 Old Footprint=0805R New Footprint=0603R
Change Component Footprint: Designator=R14 Old Footprint=0805R New Footprint=0603R
Change Component Footprint: Designator=U2 Old Footprint=SOT-89-3 New Footprint=ACDC02
Change Footprint: Footprint Not Found SOT-23-6_L2.9-W1.6-P0.95-LS2.8-BL
Change Component Comment : Designator=R10 Old Comment=1.2K/1% New Comment=2K/5%/0603
Change Component Comment : Designator=R9 Old Comment=1.2K/1% New Comment=4.7K/5%/0603
Change Component Comment : Designator=R6 Old Comment=1K/1% New Comment=100R/5%
Change Component Comment : Designator=R18 Old Comment=1K/1% New Comment=390K
Change Component Comment : Designator=R19 Old Comment=1K/1% New Comment=390K
Change Component Comment : Designator=R2 Old Comment=4.7K/5% New Comment=40.2K
Change Component Comment : Designator=R3 Old Comment=4.7K/5% New Comment=103
Change Component Comment : Designator=C18 Old Comment=10nF/10V New Comment=1nF/10V/0603
Change Component Comment : Designator=C14 Old Comment=10nF/10V New Comment=10uF/25V
Change Component Comment : Designator=C9 Old Comment=10nF/10V New Comment=47uF/10V
Change Component Comment : Designator=C15 Old Comment=10nF/10V New Comment=68nF/10V
Change Component Comment : Designator=C19 Old Comment=10nF/10V New Comment=100uF/10V
Change Component Comment : Designator=R8 Old Comment=10R New Comment=47K/5%/0603
Change Component Comment : Designator=C2 Old Comment=47uF/25V New Comment=104/25V
Change Component Comment : Designator=C4 Old Comment=47uF/25V New Comment=104/25V
Change Component Comment : Designator=R4 Old Comment=100R/5% New Comment=4.7K/5%
Change Component Comment : Designator=R5 Old Comment=100R/5% New Comment=4.7K/5%
Change Component Comment : Designator=C17 Old Comment=104 New Comment=10nF/10V
Change Component Comment : Designator=C11 Old Comment=104 New Comment=47uF/25V
Change Component Comment : Designator=C10 Old Comment=104 New Comment=104/10V
Change Component Comment : Designator=C13 Old Comment=104 New Comment=104/25V
Change Component Comment : Designator=C6 Old Comment=104/25V New Comment=10uF/25V
Change Component Comment : Designator=C8 Old Comment=104/25V New Comment=10uF/25V
Change Component Comment : Designator=C3 Old Comment=104/25V New Comment=100uF/25V
Change Component Comment : Designator=C16 Old Comment=105/16V New Comment=68nF/10V
Change Component Comment : Designator=C12 Old Comment=105/16V New Comment=104/25V
Change Component Comment : Designator=R12 Old Comment=220K New Comment=1K/5%/0603
Change Component Comment : Designator=R15 Old Comment=220K New Comment=390K
Change Component Comment : Designator=R16 Old Comment=220K New Comment=390K
Change Component Comment : Designator=R17 Old Comment=220K New Comment=390K
Change Component Comment : Designator=R13 Old Comment=220K New Comment=510R/1%
Change Component Comment : Designator=R14 Old Comment=220K New Comment=510R/1%
Change Component Comment : Designator=R11 Old Comment=472 New Comment=2K/5%/0603
Change Component Comment : Designator=R7 Old Comment=0805-62Ω±1%±25ppm/℃-1/8W New Comment=100R/5%
Change Component Comment : Designator=U2 Old Comment=AMS1117-3.3 New Comment=X1071    90-240V
Change Component Comment : Designator=U4 Old Comment=ATT7053CU New Comment=BL8023FCBT6R
Change component parameters: Designator = "C3" ("C3"); Footprint = "0603R"; UniqueID = "\LADLWRVF" ("\LADLWRVF")
Change component parameters (AddParameter): Name = "LatestRevisionDate"; Value = "17-Jul-2002"; VariantName = "[No Variations]"
Change component parameters (AddParameter): Name = "LatestRevisionNote"; Value = "Re-released for DXP Platform."; VariantName = "[No Variations]"
Change component parameters (AddParameter): Name = "PackageDescription"; Value = "Polarized Capacitor (Radial); 2 Leads"; VariantName = "[No Variations]"
Change component parameters (AddParameter): Name = "PackageReference"; Value = "RB7.6-15"; VariantName = "[No Variations]"
Change component parameters (AddParameter): Name = "Published"; Value = "8-Jun-2000"; VariantName = "[No Variations]"
Change component parameters (AddParameter): Name = "Publisher"; Value = "Altium Limited"; VariantName = "[No Variations]"
Change component parameters: Designator = "C7" ("C7"); Footprint = "0603R"; UniqueID = "\IEPTTXFJ" ("\IEPTTXFJ")
Change component parameters (AddParameter): Name = "LatestRevisionDate"; Value = "17-Jul-2002"; VariantName = "[No Variations]"
Change component parameters (AddParameter): Name = "LatestRevisionNote"; Value = "Re-released for DXP Platform."; VariantName = "[No Variations]"
Change component parameters (AddParameter): Name = "PackageDescription"; Value = "Polarized Capacitor (Radial); 2 Leads"; VariantName = "[No Variations]"
Change component parameters (AddParameter): Name = "PackageReference"; Value = "RB7.6-15"; VariantName = "[No Variations]"
Change component parameters (AddParameter): Name = "Published"; Value = "8-Jun-2000"; VariantName = "[No Variations]"
Change component parameters (AddParameter): Name = "Publisher"; Value = "Altium Limited"; VariantName = "[No Variations]"
Change component parameters: Designator = "C9" ("C9"); Footprint = "0603R"; UniqueID = "\HBIMIDLM" ("\HBIMIDLM")
Change component parameters (AddParameter): Name = "LatestRevisionDate"; Value = "17-Jul-2002"; VariantName = "[No Variations]"
Change component parameters (AddParameter): Name = "LatestRevisionNote"; Value = "Re-released for DXP Platform."; VariantName = "[No Variations]"
Change component parameters (AddParameter): Name = "PackageDescription"; Value = "Polarized Capacitor (Radial); 2 Leads"; VariantName = "[No Variations]"
Change component parameters (AddParameter): Name = "PackageReference"; Value = "RB7.6-15"; VariantName = "[No Variations]"
Change component parameters (AddParameter): Name = "Published"; Value = "8-Jun-2000"; VariantName = "[No Variations]"
Change component parameters (AddParameter): Name = "Publisher"; Value = "Altium Limited"; VariantName = "[No Variations]"
Change component parameters: Designator = "C19" ("C19"); Footprint = "0603R"; UniqueID = "\RVCOOFXL" ("\RVCOOFXL")
Change component parameters (AddParameter): Name = "LatestRevisionDate"; Value = "17-Jul-2002"; VariantName = "[No Variations]"
Change component parameters (AddParameter): Name = "LatestRevisionNote"; Value = "Re-released for DXP Platform."; VariantName = "[No Variations]"
Change component parameters (AddParameter): Name = "PackageDescription"; Value = "Polarized Capacitor (Radial); 2 Leads"; VariantName = "[No Variations]"
Change component parameters (AddParameter): Name = "PackageReference"; Value = "RB7.6-15"; VariantName = "[No Variations]"
Change component parameters (AddParameter): Name = "Published"; Value = "8-Jun-2000"; VariantName = "[No Variations]"
Change component parameters (AddParameter): Name = "Publisher"; Value = "Altium Limited"; VariantName = "[No Variations]"
Change component parameters: Designator = "R2" ("R2"); Footprint = "0603R"; UniqueID = "\AXOATCYC" ("\AXOATCYC")
Change component parameters (AddParameter): Name = "LatestRevisionDate"; Value = "17-Jul-2002"; VariantName = "[No Variations]"
Change component parameters (AddParameter): Name = "LatestRevisionNote"; Value = "Re-released for DXP Platform."; VariantName = "[No Variations]"
Change component parameters (AddParameter): Name = "PackageDescription"; Value = "Axial Device, Thru-Hole; 2 Leads; 0.4 in Pin Spacing"; VariantName = "[No Variations]"
Change component parameters (AddParameter): Name = "PackageReference"; Value = "AXIAL-0.4"; VariantName = "[No Variations]"
Change component parameters (AddParameter): Name = "Published"; Value = "8-Jun-2000"; VariantName = "[No Variations]"
Change component parameters (AddParameter): Name = "Publisher"; Value = "Altium Limited"; VariantName = "[No Variations]"
Change component parameters: Designator = "R3" ("R3"); Footprint = "0603R"; UniqueID = "\YFSAFVAG" ("\YFSAFVAG")
Change component parameters (AddParameter): Name = "LatestRevisionDate"; Value = "17-Jul-2002"; VariantName = "[No Variations]"
Change component parameters (AddParameter): Name = "LatestRevisionNote"; Value = "Re-released for DXP Platform."; VariantName = "[No Variations]"
Change component parameters (AddParameter): Name = "PackageDescription"; Value = "Axial Device, Thru-Hole; 2 Leads; 0.4 in Pin Spacing"; VariantName = "[No Variations]"
Change component parameters (AddParameter): Name = "PackageReference"; Value = "AXIAL-0.4"; VariantName = "[No Variations]"
Change component parameters (AddParameter): Name = "Published"; Value = "8-Jun-2000"; VariantName = "[No Variations]"
Change component parameters (AddParameter): Name = "Publisher"; Value = "Altium Limited"; VariantName = "[No Variations]"
Change component parameters: Designator = "U2" ("U2"); Footprint = "SOT-89-3"; UniqueID = "\VHYZGECU" ("\VHYZGECU")
Change component parameters: Designator = "U4" ("U4"); Footprint = "SSOP24"; UniqueID = "\INLIEGID" ("\INLIEGID")
Change component parameters (AddParameter): Name = "Add into BOM"; Value = "yes"; VariantName = "[No Variations]"
Change component parameters (AddParameter): Name = "Convert to PCB"; Value = "yes"; VariantName = "[No Variations]"
Change component parameters (AddParameter): Name = "Datasheet"; Value = "https://atta.szlcsc.com/upload/public/pdf/source/20190920/C431145_DEC39E836DB2A2F1462A8BB350F12ABB.pdf"; VariantName = "[No Variations]"
Change component parameters (AddParameter): Name = "Device"; Value = "BL8023HCB6TR"; VariantName = "[No Variations]"
Change component parameters (AddParameter): Name = "JLCPCB Part Class"; Value = "Extended Part"; VariantName = "[No Variations]"
Change component parameters (AddParameter): Name = "LCSC Part Name"; Value = "BL8023HCB6TR 继电器驱动芯片 停产"; VariantName = "[No Variations]"
Change component parameters (AddParameter): Name = "Manufacturer"; Value = "BL(上海贝岭)"; VariantName = "[No Variations]"
Change component parameters (AddParameter): Name = "Manufacturer Part"; Value = "BL8023HCB6TR"; VariantName = "[No Variations]"
Change component parameters (AddParameter): Name = "Name"; Value = ""; VariantName = "[No Variations]"
Change component parameters (AddParameter): Name = "Supplier"; Value = "LCSC"; VariantName = "[No Variations]"
Change component parameters (AddParameter): Name = "Supplier Footprint"; Value = "SOT-23-6"; VariantName = "[No Variations]"
Change component parameters (AddParameter): Name = "Supplier Part"; Value = "C431145"; VariantName = "[No Variations]"
Change component parameters (AddParameter): Name = "Symbol"; Value = "BL8023HCB6TR"; VariantName = "[No Variations]"
Added Component: Designator=C20(0603R)
Added Component: Designator=C21(0603R)
Added Component: Designator=C22(0603R)
Added Component: Designator=C23(0603R)
Added Component: Designator=C24(0603R)
Added Component: Designator=C25(0603R)
Added Component: Designator=C26(0603R)
Added Component: Designator=C27(0603R)
Added Component: Designator=C28(0603R)
Added Component: Designator=C29(0603R)
Added Component: Designator=C30(0603R)
Added Component: Designator=D1(DO-214AC)
Added Component: Designator=J6(KONG-3)
Added Component: Designator=L1(CD54)
Add component (AddParameter): Name = "Code_IEC"; Value = "1005"; VariantName = "[No Variations]"
Add component (AddParameter): Name = "Code_JEITA"; Value = "0402"; VariantName = "[No Variations]"
Add component (AddParameter): Name = "LatestRevisionDate"; Value = "29-May-2009"; VariantName = "[No Variations]"
Add component (AddParameter): Name = "LatestRevisionNote"; Value = "IPC-7351 Footprint Added."; VariantName = "[No Variations]"
Add component (AddParameter): Name = "PackageDescription"; Value = "Chip Inductor"; VariantName = "[No Variations]"
Add component (AddParameter): Name = "PackageReference"; Value = "0402-A"; VariantName = "[No Variations]"
Add component (AddParameter): Name = "Published"; Value = "8-Jun-2000"; VariantName = "[No Variations]"
Add component (AddParameter): Name = "Publisher"; Value = "Altium Limited"; VariantName = "[No Variations]"
Added Component: Designator=LED1(0603LED)
Added Component: Designator=P1(HDR2X5)
Add component (AddParameter): Name = "LatestRevisionDate"; Value = "17-Jul-2002"; VariantName = "[No Variations]"
Add component (AddParameter): Name = "LatestRevisionNote"; Value = "Re-released for DXP Platform."; VariantName = "[No Variations]"
Add component (AddParameter): Name = "Publisher"; Value = "Altium Limited"; VariantName = "[No Variations]"
Added Component: Designator=Q1(SOT-23)
Added Component: Designator=Q2(SOT-23)
Added Component: Designator=Q3(SOT-23)
Added Component: Designator=Q4(SOT-23)
Added Component: Designator=R20(0603R)
Added Component: Designator=R21(0603R)
Added Component: Designator=R22(0603R)
Add component (AddParameter): Name = "LatestRevisionDate"; Value = "17-Jul-2002"; VariantName = "[No Variations]"
Add component (AddParameter): Name = "LatestRevisionNote"; Value = "Re-released for DXP Platform."; VariantName = "[No Variations]"
Add component (AddParameter): Name = "PackageDescription"; Value = "Axial Device, Thru-Hole; 2 Leads; 0.4 in Pin Spacing"; VariantName = "[No Variations]"
Add component (AddParameter): Name = "PackageReference"; Value = "AXIAL-0.4"; VariantName = "[No Variations]"
Add component (AddParameter): Name = "Published"; Value = "8-Jun-2000"; VariantName = "[No Variations]"
Add component (AddParameter): Name = "Publisher"; Value = "Altium Limited"; VariantName = "[No Variations]"
Added Component: Designator=R23(0603R)
Added Component: Designator=R24(0603R)
Add component (AddParameter): Name = "LatestRevisionDate"; Value = "17-Jul-2002"; VariantName = "[No Variations]"
Add component (AddParameter): Name = "LatestRevisionNote"; Value = "Re-released for DXP Platform."; VariantName = "[No Variations]"
Add component (AddParameter): Name = "PackageDescription"; Value = "Axial Device, Thru-Hole; 2 Leads; 0.4 in Pin Spacing"; VariantName = "[No Variations]"
Add component (AddParameter): Name = "PackageReference"; Value = "AXIAL-0.4"; VariantName = "[No Variations]"
Add component (AddParameter): Name = "Published"; Value = "8-Jun-2000"; VariantName = "[No Variations]"
Add component (AddParameter): Name = "Publisher"; Value = "Altium Limited"; VariantName = "[No Variations]"
Added Component: Designator=R25(0603R)
Added Component: Designator=R26(0603R)
Added Component: Designator=R27(0603R)
Added Component: Designator=R28(0603R)
Added Component: Designator=R29(0603R)
Add component (AddParameter): Name = "LatestRevisionDate"; Value = "17-Jul-2002"; VariantName = "[No Variations]"
Add component (AddParameter): Name = "LatestRevisionNote"; Value = "Re-released for DXP Platform."; VariantName = "[No Variations]"
Add component (AddParameter): Name = "PackageDescription"; Value = "Axial Device, Thru-Hole; 2 Leads; 0.4 in Pin Spacing"; VariantName = "[No Variations]"
Add component (AddParameter): Name = "PackageReference"; Value = "AXIAL-0.4"; VariantName = "[No Variations]"
Add component (AddParameter): Name = "Published"; Value = "8-Jun-2000"; VariantName = "[No Variations]"
Add component (AddParameter): Name = "Publisher"; Value = "Altium Limited"; VariantName = "[No Variations]"
Added Component: Designator=R30(0603R)
Add component (AddParameter): Name = "LatestRevisionDate"; Value = "17-Jul-2002"; VariantName = "[No Variations]"
Add component (AddParameter): Name = "LatestRevisionNote"; Value = "Re-released for DXP Platform."; VariantName = "[No Variations]"
Add component (AddParameter): Name = "PackageDescription"; Value = "Axial Device, Thru-Hole; 2 Leads; 0.4 in Pin Spacing"; VariantName = "[No Variations]"
Add component (AddParameter): Name = "PackageReference"; Value = "AXIAL-0.4"; VariantName = "[No Variations]"
Add component (AddParameter): Name = "Published"; Value = "8-Jun-2000"; VariantName = "[No Variations]"
Add component (AddParameter): Name = "Publisher"; Value = "Altium Limited"; VariantName = "[No Variations]"
Added Component: Designator=R31(0603R)
Add component (AddParameter): Name = "LatestRevisionDate"; Value = "17-Jul-2002"; VariantName = "[No Variations]"
Add component (AddParameter): Name = "LatestRevisionNote"; Value = "Re-released for DXP Platform."; VariantName = "[No Variations]"
Add component (AddParameter): Name = "PackageDescription"; Value = "Axial Device, Thru-Hole; 2 Leads; 0.4 in Pin Spacing"; VariantName = "[No Variations]"
Add component (AddParameter): Name = "PackageReference"; Value = "AXIAL-0.4"; VariantName = "[No Variations]"
Add component (AddParameter): Name = "Published"; Value = "8-Jun-2000"; VariantName = "[No Variations]"
Add component (AddParameter): Name = "Publisher"; Value = "Altium Limited"; VariantName = "[No Variations]"
Added Component: Designator=R32(0603R)
Add component (AddParameter): Name = "LatestRevisionDate"; Value = "17-Jul-2002"; VariantName = "[No Variations]"
Add component (AddParameter): Name = "LatestRevisionNote"; Value = "Re-released for DXP Platform."; VariantName = "[No Variations]"
Add component (AddParameter): Name = "PackageDescription"; Value = "Axial Device, Thru-Hole; 2 Leads; 0.4 in Pin Spacing"; VariantName = "[No Variations]"
Add component (AddParameter): Name = "PackageReference"; Value = "AXIAL-0.4"; VariantName = "[No Variations]"
Add component (AddParameter): Name = "Published"; Value = "8-Jun-2000"; VariantName = "[No Variations]"
Add component (AddParameter): Name = "Publisher"; Value = "Altium Limited"; VariantName = "[No Variations]"
Added Component: Designator=RV2(10D压敏电阻)
Add component (AddParameter): Name = "Code_IPC"; Value = "RESC2012"; VariantName = "[No Variations]"
Add component (AddParameter): Name = "LatestRevisionDate"; Value = "29-May-2009"; VariantName = "[No Variations]"
Add component (AddParameter): Name = "LatestRevisionNote"; Value = "IPC-7351 Footprint Added."; VariantName = "[No Variations]"
Add component (AddParameter): Name = "PackageDescription"; Value = "Chip Resistor 0805 Case Size"; VariantName = "[No Variations]"
Add component (AddParameter): Name = "PackageReference"; Value = "6-0805"; VariantName = "[No Variations]"
Add component (AddParameter): Name = "PackageVersion"; Value = "Mar-2003"; VariantName = "[No Variations]"
Add component (AddParameter): Name = "Published"; Value = "24-Mar-1999"; VariantName = "[No Variations]"
Add component (AddParameter): Name = "Publisher"; Value = "Altium Limited"; VariantName = "[No Variations]"
Added Component: Designator=S1(RF1-00283天线座)
Added Component: Designator=U3(SOT-23-6DBV)
Add Component: Footprint Not Found SSOP-10_L4.9-W3.9-P1.00-LS6.0-BL
Added Component: Designator=U6(ML307A)
Add component (AddParameter): Name = "PCB DECAL"; Value = "MOD_ML307"; VariantName = "[No Variations]"
Added Component: Designator=U7(VQFN8)
Added Pin To Net: NetName=VDD1P8 Pin=C1-2
Added Pin To Net: NetName=VDD1P8 Pin=C2-1
Added Pin To Net: NetName=VCC12 Pin=C3-1
Added Pin To Net: NetName=VDD1P8 Pin=C3-2
Added Pin To Net: NetName=VDD1P8 Pin=C4-1
Added Pin To Net: NetName=VCC12 Pin=C4-2
Added Pin To Net: NetName=VDD1P8 Pin=C6-1
Added Pin To Net: NetName=VCC12 Pin=C7-1
Added Pin To Net: NetName=VDD1P8 Pin=C7-2
Added Pin To Net: NetName=VDD1P8 Pin=C8-1
Added Pin To Net: NetName=Nin Pin=C8-2
Added Pin To Net: NetName=Nin Pin=C9-1
Added Pin To Net: NetName=VDD1P8 Pin=C9-2
Added Pin To Net: NetName=VDD1P8 Pin=C10-1
Added Pin To Net: NetName=VCC12 Pin=C11-2
Added Pin To Net: NetName=VCC12 Pin=C12-2
Added Pin To Net: NetName=VDD1P8 Pin=C13-1
Added Pin To Net: NetName=VCC33 Pin=C13-2
Added Pin To Net: NetName=VDD1P8 Pin=C14-1
Added Pin To Net: NetName=VCC33 Pin=C14-2
Added Pin To Net: NetName=VDD1P8 Pin=C15-2
Added Pin To Net: NetName=VDD1P8 Pin=C16-2
Added Pin To Net: NetName=VDD1P8 Pin=C17-2
Added Pin To Net: NetName=VDD1P8 Pin=C19-2
Added Pin To Net: NetName=Nin Pin=C20-1
Added Pin To Net: NetName=VDD1P8 Pin=C20-2
Added Pin To Net: NetName=Nin Pin=C21-1
Added Pin To Net: NetName=VDD1P8 Pin=C21-2
Added Pin To Net: NetName=Nin Pin=C22-1
Added Pin To Net: NetName=VDD1P8 Pin=C22-2
Added Pin To Net: NetName=VDD1P8 Pin=C24-1
Added Pin To Net: NetName=VDD1P8 Pin=C25-1
Added Pin To Net: NetName=VDD1P8 Pin=C26-1
Added Pin To Net: NetName=VDD1P8 Pin=C27-1
Added Pin To Net: NetName=VDD1P8 Pin=C28-2
Added Pin To Net: NetName=VDD1P8 Pin=C30-2
Added Pin To Net: NetName=VCC33 Pin=D1-1
Added Pin To Net: NetName=Nin Pin=D1-2
Added Pin To Net: NetName=Relay_O_A Pin=J1-1
Added Pin To Net: NetName=Relay_O_B Pin=J2-1
Added Pin To Net: NetName=VDD1P8 Pin=J4-1
Added Pin To Net: NetName=VDD1P8 Pin=J5-1
Added Pin To Net: NetName=Nin Pin=L1-2
Added Pin To Net: NetName=VDD1P8 Pin=LED1-2
Added Pin To Net: NetName=VCC33 Pin=P1-1
Added Pin To Net: NetName=VDD1P8 Pin=P1-2
Added Pin To Net: NetName=4G_Reset Pin=P1-4
Added Pin To Net: NetName=Relay_C_A Pin=P1-9
Added Pin To Net: NetName=VCC33 Pin=Q1-2
Added Pin To Net: NetName=VDD1P8 Pin=Q4-2
Added Pin To Net: NetName=NetR2_2 Pin=R3-1
Added Pin To Net: NetName=VDD1P8 Pin=R3-2
Added Pin To Net: NetName=VDD1P8 Pin=R4-1
Added Pin To Net: NetName=VDD1P8 Pin=R5-1
Added Pin To Net: NetName=Relay_C_A Pin=R7-2
Added Pin To Net: NetName=VCC33 Pin=R8-2
Added Pin To Net: NetName=VCC33 Pin=R10-2
Added Pin To Net: NetName=VDD1P8 Pin=R13-1
Added Pin To Net: NetName=NetR16_1 Pin=R17-2
Added Pin To Net: NetName=VDD1P8 Pin=R20-1
Added Pin To Net: NetName=Nin Pin=R24-2
Added Pin To Net: NetName=VDD1P8 Pin=R26-2
Added Pin To Net: NetName=4G_Reset Pin=R27-1
Added Pin To Net: NetName=VDD1P8 Pin=R28-2
Added Pin To Net: NetName=Lin Pin=RV2-1
Added Pin To Net: NetName=VDD1P8 Pin=S1-2
Added Pin To Net: NetName=VDD1P8 Pin=S1-2
Added Pin To Net: NetName=VDD1P8 Pin=S1-2
Added Pin To Net: NetName=VDD1P8 Pin=U1-4
Added Pin To Net: NetName=VDD1P8 Pin=U1-4
Added Pin To Net: NetName=VDD1P8 Pin=U1-4
Added Pin To Net: NetName=Lin Pin=U2-1
Added Pin To Net: NetName=Lin Pin=U2-1
Added Pin To Net: NetName=Lin Pin=U2-1
Added Pin To Net: NetName=VDD1P8 Pin=U2-4
Added Pin To Net: NetName=VDD1P8 Pin=U2-4
Added Pin To Net: NetName=VDD1P8 Pin=U2-4
Added Pin To Net: NetName=VCC12 Pin=U2-5
Added Pin To Net: NetName=VCC12 Pin=U2-5
Added Pin To Net: NetName=VDD1P8 Pin=U3-1
Added Pin To Net: NetName=VCC12 Pin=U3-3
Added Pin To Net: NetName=NetR2_2 Pin=U3-4
Added Pin To Net: NetName=VCC12 Pin=U3-5
Added Pin To Net: NetName=Relay_O_B Pin=U4-1
Added Pin To Net: NetName=Relay_O_A Pin=U4-4
Added Pin To Net: NetName=VCC12 Pin=U4-5
Add Pin To Net: Unknown Pin: Pin U5-5
Add Pin To Net: Unknown Pin: Pin U5-6
Add Pin To Net: Unknown Pin: Pin U5-8
Added Pin To Net: NetName=VDD1P8 Pin=U6-1
Added Pin To Net: NetName=VDD1P8 Pin=U6-10
Added Pin To Net: NetName=VDD1P8 Pin=U6-27
Added Pin To Net: NetName=VDD1P8 Pin=U6-34
Added Pin To Net: NetName=VDD1P8 Pin=U6-36
Added Pin To Net: NetName=VDD1P8 Pin=U6-37
Added Pin To Net: NetName=VDD1P8 Pin=U6-40
Added Pin To Net: NetName=VDD1P8 Pin=U6-41
Added Pin To Net: NetName=Nin Pin=U6-42
Added Pin To Net: NetName=Nin Pin=U6-43
Added Pin To Net: NetName=VDD1P8 Pin=U6-45
Added Pin To Net: NetName=VDD1P8 Pin=U6-46
Added Pin To Net: NetName=VDD1P8 Pin=U6-47
Added Pin To Net: NetName=VDD1P8 Pin=U6-48
Added Pin To Net: NetName=VDD1P8 Pin=U6-70
Added Pin To Net: NetName=VDD1P8 Pin=U6-71
Added Pin To Net: NetName=VDD1P8 Pin=U6-72
Added Pin To Net: NetName=VDD1P8 Pin=U6-73
Added Pin To Net: NetName=VDD1P8 Pin=U6-88
Added Pin To Net: NetName=VDD1P8 Pin=U6-89
Added Pin To Net: NetName=VDD1P8 Pin=U6-90
Added Pin To Net: NetName=VDD1P8 Pin=U6-91
Added Pin To Net: NetName=VDD1P8 Pin=U6-92
Added Pin To Net: NetName=VDD1P8 Pin=U6-93
Added Pin To Net: NetName=VDD1P8 Pin=U6-94
Added Pin To Net: NetName=VDD1P8 Pin=U7-1
Change Net Name : Old Net Name=Nin New Net Name=VCC3.8
Change Net Name : Old Net Name=VDD1P8 New Net Name=GND
Added Pin To Net: NetName=4G_MCU_RXD Pin=P1-8
Added Pin To Net: NetName=4G_MCU_RXD Pin=Q3-3
Added Pin To Net: NetName=4G_MCU_RXD Pin=R24-1
Added Net: Name=4G_MCU_RXD
Added Pin To Net: NetName=4G_MCU_TXD Pin=P1-6
Added Pin To Net: NetName=4G_MCU_TXD Pin=Q2-2
Added Net: Name=4G_MCU_TXD
Added Pin To Net: NetName=BL0942_Control Pin=P1-7
Added Pin To Net: NetName=BL0942_Control Pin=R9-2
Added Net: Name=BL0942_Control
Added Pin To Net: NetName=BL0942_RXD Pin=P1-5
Added Pin To Net: NetName=BL0942_RXD Pin=R11-1
Added Net: Name=BL0942_RXD
Added Pin To Net: NetName=BL0942_TXD Pin=P1-3
Added Pin To Net: NetName=BL0942_TXD Pin=R10-1
Added Net: Name=BL0942_TXD
Added Pin To Net: NetName=IN1 Pin=C16-1
Added Pin To Net: NetName=IN1 Pin=R14-2
Added Net: Name=IN1
Added Pin To Net: NetName=IP1 Pin=C15-1
Added Pin To Net: NetName=IP1 Pin=R13-2
Added Net: Name=IP1
Added Pin To Net: NetName=L_IN Pin=J3-1
Added Pin To Net: NetName=L_IN Pin=R15-2
Added Net: Name=L_IN
Added Pin To Net: NetName=MAIN_RXD Pin=Q2-3
Added Pin To Net: NetName=MAIN_RXD Pin=R22-2
Added Pin To Net: NetName=MAIN_RXD Pin=U6-17
Added Net: Name=MAIN_RXD
Added Pin To Net: NetName=MAIN_TXD Pin=Q3-2
Added Pin To Net: NetName=MAIN_TXD Pin=U6-18
Added Net: Name=MAIN_TXD
Added Pin To Net: NetName=NET_LIGHT Pin=U6-16
Added Net: Name=NET_LIGHT
Added Pin To Net: NetName=NET_STATE Pin=U6-25
Added Net: Name=NET_STATE
Added Pin To Net: NetName=NetC5_1 Pin=C5-1
Added Pin To Net: NetName=NetC5_1 Pin=L1-1
Added Pin To Net: NetName=NetC5_1 Pin=U3-2
Added Net: Name=NetC5_1
Added Pin To Net: NetName=NetC5_2 Pin=C5-2
Added Pin To Net: NetName=NetC5_2 Pin=U3-6
Added Net: Name=NetC5_2
Added Pin To Net: NetName=NetC18_1 Pin=C18-1
Added Pin To Net: NetName=NetC18_1 Pin=Q3-1
Added Pin To Net: NetName=NetC18_1 Pin=R21-1
Added Net: Name=NetC18_1
Added Pin To Net: NetName=NetC23_1 Pin=C23-1
Added Pin To Net: NetName=NetC23_1 Pin=Q2-1
Added Pin To Net: NetName=NetC23_1 Pin=R23-1
Added Net: Name=NetC23_1
Added Pin To Net: NetName=NetC24_2 Pin=C24-2
Added Pin To Net: NetName=NetC24_2 Pin=R25-1
Added Pin To Net: NetName=NetC24_2 Pin=U6-35
Added Net: Name=NetC24_2
Added Pin To Net: NetName=NetC25_2 Pin=C25-2
Added Pin To Net: NetName=NetC25_2 Pin=R25-2
Added Pin To Net: NetName=NetC25_2 Pin=S1-1
Added Net: Name=NetC25_2
Added Pin To Net: NetName=NetC27_2 Pin=C27-2
Added Pin To Net: NetName=NetC27_2 Pin=U7-8
Added Net: Name=NetC27_2
Added Pin To Net: NetName=NetC28_1 Pin=C28-1
Added Pin To Net: NetName=NetC28_1 Pin=R30-1
Added Pin To Net: NetName=NetC28_1 Pin=U7-7
Added Net: Name=NetC28_1
Added Pin To Net: NetName=NetC29_2 Pin=C29-2
Added Pin To Net: NetName=NetC29_2 Pin=R29-2
Added Pin To Net: NetName=NetC29_2 Pin=R31-2
Added Pin To Net: NetName=NetC29_2 Pin=U7-3
Added Net: Name=NetC29_2
Added Pin To Net: NetName=NetC30_1 Pin=C30-1
Added Pin To Net: NetName=NetC30_1 Pin=R32-1
Added Pin To Net: NetName=NetC30_1 Pin=U7-6
Added Net: Name=NetC30_1
Added Pin To Net: NetName=NetJ6_1 Pin=J6-1
Added Pin To Net: NetName=NetJ6_1 Pin=R14-1
Added Net: Name=NetJ6_1
Added Pin To Net: NetName=NetLED1_1 Pin=LED1-1
Added Pin To Net: NetName=NetLED1_1 Pin=R12-2
Added Net: Name=NetLED1_1
Added Pin To Net: NetName=NetQ1_1 Pin=Q1-1
Added Pin To Net: NetName=NetQ1_1 Pin=R8-1
Added Pin To Net: NetName=NetQ1_1 Pin=R9-1
Added Net: Name=NetQ1_1
Added Pin To Net: NetName=NetQ1_3 Pin=Q1-3
Added Net: Name=NetQ1_3
Added Pin To Net: NetName=NetQ4_1 Pin=Q4-1
Added Pin To Net: NetName=NetQ4_1 Pin=R27-2
Added Pin To Net: NetName=NetQ4_1 Pin=R28-1
Added Net: Name=NetQ4_1
Added Pin To Net: NetName=NetR4_2 Pin=R4-2
Added Pin To Net: NetName=NetR4_2 Pin=R6-2
Added Pin To Net: NetName=NetR4_2 Pin=U4-6
Added Net: Name=NetR4_2
Added Pin To Net: NetName=NetR5_2 Pin=R5-2
Added Pin To Net: NetName=NetR5_2 Pin=R7-1
Added Pin To Net: NetName=NetR5_2 Pin=U4-3
Added Net: Name=NetR5_2
Added Pin To Net: NetName=NetR15_1 Pin=R15-1
Added Pin To Net: NetName=NetR15_1 Pin=R16-2
Added Net: Name=NetR15_1
Added Pin To Net: NetName=NetR17_1 Pin=R17-1
Added Pin To Net: NetName=NetR17_1 Pin=R18-2
Added Net: Name=NetR17_1
Added Pin To Net: NetName=NetR18_1 Pin=R18-1
Added Pin To Net: NetName=NetR18_1 Pin=R19-2
Added Net: Name=NetR18_1
Added Pin To Net: NetName=Nin Pin=RV1-2
Added Pin To Net: NetName=Nin Pin=RV2-2
Added Pin To Net: NetName=Nin Pin=U1-2
Added Pin To Net: NetName=Nin Pin=U1-2
Added Pin To Net: NetName=Nin Pin=U2-2
Added Pin To Net: NetName=Nin Pin=U2-2
Added Net: Name=Nin
Added Pin To Net: NetName=PWR_ON/OFF Pin=R26-1
Added Pin To Net: NetName=PWR_ON/OFF Pin=U6-7
Added Net: Name=PWR_ON/OFF
Added Pin To Net: NetName=Relay_C_B Pin=P1-10
Added Net: Name=Relay_C_B
Added Pin To Net: NetName=RESET_N Pin=C26-2
Added Pin To Net: NetName=RESET_N Pin=Q4-3
Added Pin To Net: NetName=RESET_N Pin=U6-15
Added Net: Name=RESET_N
Added Pin To Net: NetName=USIM_CLK Pin=R32-2
Added Pin To Net: NetName=USIM_CLK Pin=U6-13
Added Net: Name=USIM_CLK
Added Pin To Net: NetName=USIM_DATA Pin=R31-1
Added Pin To Net: NetName=USIM_DATA Pin=U6-11
Added Net: Name=USIM_DATA
Added Pin To Net: NetName=USIM_DET Pin=U6-79
Added Net: Name=USIM_DET
Added Pin To Net: NetName=USIM_RST Pin=R30-2
Added Pin To Net: NetName=USIM_RST Pin=U6-12
Added Net: Name=USIM_RST
Added Pin To Net: NetName=USIM_VDD Pin=R29-1
Added Pin To Net: NetName=USIM_VDD Pin=U6-14
Added Net: Name=USIM_VDD
Added Pin To Net: NetName=VDD_EXT Pin=C18-2
Added Pin To Net: NetName=VDD_EXT Pin=C23-2
Added Pin To Net: NetName=VDD_EXT Pin=R21-2
Added Pin To Net: NetName=VDD_EXT Pin=R22-1
Added Pin To Net: NetName=VDD_EXT Pin=R23-2
Added Pin To Net: NetName=VDD_EXT Pin=U6-24
Added Net: Name=VDD_EXT
Added Pin To Net: NetName=VP Pin=C17-1
Added Pin To Net: NetName=VP Pin=R19-1
Added Pin To Net: NetName=VP Pin=R20-2
Added Net: Name=VP
Change Class Name : Old Net Name=Sheet1 New Net Name=计量
Added Class: Name=4G
Added Class: Name=Power
Added Class: Name=继电器
Added Class: Name=连接
Added Member To Class: ClassName=计量 Member=Component J6 J1
Added Member To Class: ClassName=计量 Member=Component LED1 LED
Added Member To Class: ClassName=计量 Member=Component Q1 AO3401
Added Member To Class: ClassName=计量 Member=Component R20 510R/1%
Add Class Member: Failed to add class member : Component U5 BL0942
