*** Using Compiler 'V5.05 update 1 (build 106)', folder: 'C:\Keil_v5\ARM\ARMCC\Bin'
Rebuild target 'N32G45x'
assembling startup_n32g45x.s...
compiling system_n32g45x.c...
compiling misc.c...
compiling n32g45x_flash.c...
compiling n32g45x_adc.c...
compiling n32g45x_rcc.c...
compiling main.c...
compiling n32g45x_it.c...
compiling n32g45x_gpio.c...
compiling bsp.c...
compiling n32g45x_usart.c...
compiling n32g45x_tim.c...
compiling delay.c...
compiling typechange.c...
compiling RS485.c...
compiling V_Timer.c...
compiling Relay.c...
compiling log.c...
compiling BL0942.c...
compiling EPROM.c...
compiling TFT.c...
compiling usart.c...
compiling CircularQueue.c...
compiling Key.c...
compiling Nbiot.c...
linking...
Program Size: Code=19532 RO-data=8096 RW-data=88 ZI-data=23528  
FromELF: creating hex file...
After Build - User command #1: fromelf --bin --output=.\bin\bmHttpServer.bin .\Objects\bmHttpServer.axf
".\Objects\bmHttpServer.axf" - 0 Error(s), 0 Warning(s).
Build Time Elapsed:  00:00:06
