Change Component Footprint: Designator=L2 Old Footprint=0603R New Footprint=贴片电感5020
Change Component Footprint: Designator=L3 Old Footprint=0603R New Footprint=贴片电感5020
Change Component Footprint: Designator=LED1 Old Footprint=LED1206 New Footprint=LED0805
Change Component Footprint: Designator=LED2 Old Footprint=LED1206 New Footprint=LED0805
Change Component Footprint: Designator=LED3 Old Footprint=LED1206 New Footprint=LED0805
Change Footprint: Footprint Not Found QFN-32_L4.0-W4.0-P0.40-TL-EP2.8
Change Component Designator: OldDesignator=C4 NewDesignator=C?
Change Component Designator: OldDesignator=C5 NewDesignator=C?
Change Component Designator: OldDesignator=S1 NewDesignator=S?
Change Component Designator: OldDesignator=U3 NewDesignator=U?
Added Pin To Net: NetName=Relay_C_A Pin=U1-1
Added Pin To Net: NetName=Relay_C_B Pin=U1-2
Added Pin To Net: NetName=MCU_RESET Pin=U1-3
Added Pin To Net: NetName=Key_button Pin=U1-4
Added Pin To Net: NetName=LED_Gate Pin=U1-7
Added Pin To Net: NetName=XIN_32K Pin=U1-9
Added Pin To Net: NetName=XOUT_32K Pin=U1-10
Added Pin To Net: NetName=LED_NET Pin=U1-11
Added Pin To Net: NetName=LED_RUN Pin=U1-12
Added Pin To Net: NetName=BL0942_Control Pin=U1-13
Added Pin To Net: NetName=4G_Reset Pin=U1-18
Added Pin To Net: NetName=XO32MP_OUT Pin=U1-29
Added Pin To Net: NetName=XO32MP_IN Pin=U1-30
Added Pin To Net: NetName=Dog_WDI Pin=U1-32
Added Pin To Net: NetName=LPUART_RXD Pin=U1-20
Added Net: Name=LPUART_RXD
Added Pin To Net: NetName=LPUART_TXD Pin=U1-19
Added Net: Name=LPUART_TXD
Added Pin To Net: NetName=SWCLK Pin=U1-5
Added Net: Name=SWCLK
Added Pin To Net: NetName=SWDIO Pin=U1-6
Added Net: Name=SWDIO
